OK!

OK!
QUERY EXECUTION TREE(
OUTPUT
Schema: (SUM:FLOAT [150000], c_name:STRING [150000])
Out File: output.txt
Producer:
{
GROUP BY
SchemaIn: (o_orderkey:INTEGER [1500000], o_custkey:INTEGER [99996], o_orderstatus:STRING [3], o_totalprice:FLOAT [1464566], o_orderdate:STRING [2406], o_orderpriority:STRING [5], o_clerk:STRING [1000], o_shippriority:STRING [1], o_comment:STRING [1482071], c_custkey:INTEGER [150000], c_name:STRING [150000], c_address:STRING [150000], c_nationkey:INTEGER [25], c_phone:STRING [150000], c_acctbal:FLOAT [140187], c_mktsegment:STRING [5], c_comment:STRING [149968])
SchemaOut: (SUM:FLOAT [150000], c_name:STRING [150000])
GroupingAtts: {10:String}
Function:
Function
Producer:
{
JOIN
Left Schema:
(o_orderkey:INTEGER [1500000], o_custkey:INTEGER [99996], o_orderstatus:STRING [3], o_totalprice:FLOAT [1464566], o_orderdate:STRING [2406], o_orderpriority:STRING [5], o_clerk:STRING [1000], o_shippriority:STRING [1], o_comment:STRING [1482071])
Right Schema:
(c_custkey:INTEGER [150000], c_name:STRING [150000], c_address:STRING [150000], c_nationkey:INTEGER [25], c_phone:STRING [150000], c_acctbal:FLOAT [140187], c_mktsegment:STRING [5], c_comment:STRING [149968])
Schema Out:
(o_orderkey:INTEGER [1500000], o_custkey:INTEGER [99996], o_orderstatus:STRING [3], o_totalprice:FLOAT [1464566], o_orderdate:STRING [2406], o_orderpriority:STRING [5], o_clerk:STRING [1000], o_shippriority:STRING [1], o_comment:STRING [1482071], c_custkey:INTEGER [150000], c_name:STRING [150000], c_address:STRING [150000], c_nationkey:INTEGER [25], c_phone:STRING [150000], c_acctbal:FLOAT [140187], c_mktsegment:STRING [5], c_comment:STRING [149968])
Predicate:
(Right[0] = Left[1] (Integer))
Left Operator:
{
SELECT
Schema: (o_orderkey:INTEGER [1500000], o_custkey:INTEGER [99996], o_orderstatus:STRING [3], o_totalprice:FLOAT [1464566], o_orderdate:STRING [2406], o_orderpriority:STRING [5], o_clerk:STRING [1000], o_shippriority:STRING [1], o_comment:STRING [1482071])
Predicate: (Left[3] < Const (Float))
Producer: SCAN
Schema:(o_orderkey:INTEGER [1500000], o_custkey:INTEGER [99996], o_orderstatus:STRING [3], o_totalprice:FLOAT [1464566], o_orderdate:STRING [2406], o_orderpriority:STRING [5], o_clerk:STRING [1000], o_shippriority:STRING [1], o_comment:STRING [1482071])


}
Right Operator:
{
SCAN
Schema:(c_custkey:INTEGER [150000], c_name:STRING [150000], c_address:STRING [150000], c_nationkey:INTEGER [25], c_phone:STRING [150000], c_acctbal:FLOAT [140187], c_mktsegment:STRING [5], c_comment:STRING [149968])

}

}

}

)
6: syntax error at 
Error: Query is not correct!
