OK!

OK!
QUERY EXECUTION TREE(
OUTPUT
Schema: (l_receiptdate:STRING [2554])
Out File: output.txt
Producer:
{
PROJECT: 
Schema In: (c_custkey:INTEGER [150000], c_name:STRING [150000], c_address:STRING [150000], c_nationkey:INTEGER [25], c_phone:STRING [150000], c_acctbal:FLOAT [140187], c_mktsegment:STRING [5], c_comment:STRING [149968], o_orderkey:INTEGER [1500000], o_custkey:INTEGER [99996], o_orderstatus:STRING [3], o_totalprice:FLOAT [1464566], o_orderdate:STRING [2406], o_orderpriority:STRING [5], o_clerk:STRING [1000], o_shippriority:STRING [1], o_comment:STRING [1482071], l_orderkey:INTEGER [1500000], l_partkey:INTEGER [200000], l_suppkey:INTEGER [10000], l_linenumber:INTEGER [7], l_quantity:INTEGER [50], l_extendedprice:FLOAT [933900], l_discount:FLOAT [11], l_tax:FLOAT [9], l_returnflag:STRING [3], l_linestatus:STRING [2], l_shipdate:STRING [2526], l_commitdate:STRING [2466], l_receiptdate:STRING [2554], l_shipinstruct:STRING [4], l_shipmode:STRING [7], l_comment:STRING [4580667])
Schema Out: (l_receiptdate:STRING [2554])
# Attributes Input: 33
# Attributes Output: 1
Keep: 29 
Producer: JOIN
Left Schema:
(c_custkey:INTEGER [150000], c_name:STRING [150000], c_address:STRING [150000], c_nationkey:INTEGER [25], c_phone:STRING [150000], c_acctbal:FLOAT [140187], c_mktsegment:STRING [5], c_comment:STRING [149968], o_orderkey:INTEGER [1500000], o_custkey:INTEGER [99996], o_orderstatus:STRING [3], o_totalprice:FLOAT [1464566], o_orderdate:STRING [2406], o_orderpriority:STRING [5], o_clerk:STRING [1000], o_shippriority:STRING [1], o_comment:STRING [1482071])
Right Schema:
(l_orderkey:INTEGER [1500000], l_partkey:INTEGER [200000], l_suppkey:INTEGER [10000], l_linenumber:INTEGER [7], l_quantity:INTEGER [50], l_extendedprice:FLOAT [933900], l_discount:FLOAT [11], l_tax:FLOAT [9], l_returnflag:STRING [3], l_linestatus:STRING [2], l_shipdate:STRING [2526], l_commitdate:STRING [2466], l_receiptdate:STRING [2554], l_shipinstruct:STRING [4], l_shipmode:STRING [7], l_comment:STRING [4580667])
Schema Out:
(c_custkey:INTEGER [150000], c_name:STRING [150000], c_address:STRING [150000], c_nationkey:INTEGER [25], c_phone:STRING [150000], c_acctbal:FLOAT [140187], c_mktsegment:STRING [5], c_comment:STRING [149968], o_orderkey:INTEGER [1500000], o_custkey:INTEGER [99996], o_orderstatus:STRING [3], o_totalprice:FLOAT [1464566], o_orderdate:STRING [2406], o_orderpriority:STRING [5], o_clerk:STRING [1000], o_shippriority:STRING [1], o_comment:STRING [1482071], l_orderkey:INTEGER [1500000], l_partkey:INTEGER [200000], l_suppkey:INTEGER [10000], l_linenumber:INTEGER [7], l_quantity:INTEGER [50], l_extendedprice:FLOAT [933900], l_discount:FLOAT [11], l_tax:FLOAT [9], l_returnflag:STRING [3], l_linestatus:STRING [2], l_shipdate:STRING [2526], l_commitdate:STRING [2466], l_receiptdate:STRING [2554], l_shipinstruct:STRING [4], l_shipmode:STRING [7], l_comment:STRING [4580667])
Predicate:
(Right[0] = Left[8] (Integer))
Left Operator:
{
JOIN
Left Schema:
(c_custkey:INTEGER [150000], c_name:STRING [150000], c_address:STRING [150000], c_nationkey:INTEGER [25], c_phone:STRING [150000], c_acctbal:FLOAT [140187], c_mktsegment:STRING [5], c_comment:STRING [149968])
Right Schema:
(o_orderkey:INTEGER [1500000], o_custkey:INTEGER [99996], o_orderstatus:STRING [3], o_totalprice:FLOAT [1464566], o_orderdate:STRING [2406], o_orderpriority:STRING [5], o_clerk:STRING [1000], o_shippriority:STRING [1], o_comment:STRING [1482071])
Schema Out:
(c_custkey:INTEGER [150000], c_name:STRING [150000], c_address:STRING [150000], c_nationkey:INTEGER [25], c_phone:STRING [150000], c_acctbal:FLOAT [140187], c_mktsegment:STRING [5], c_comment:STRING [149968], o_orderkey:INTEGER [1500000], o_custkey:INTEGER [99996], o_orderstatus:STRING [3], o_totalprice:FLOAT [1464566], o_orderdate:STRING [2406], o_orderpriority:STRING [5], o_clerk:STRING [1000], o_shippriority:STRING [1], o_comment:STRING [1482071])
Predicate:
(Right[1] = Left[0] (Integer))
Left Operator:
{
SELECT
Schema: (c_custkey:INTEGER [150000], c_name:STRING [150000], c_address:STRING [150000], c_nationkey:INTEGER [25], c_phone:STRING [150000], c_acctbal:FLOAT [140187], c_mktsegment:STRING [5], c_comment:STRING [149968])
Predicate: (Left[1] = Const (String))
Producer: SCAN
Schema:(c_custkey:INTEGER [150000], c_name:STRING [150000], c_address:STRING [150000], c_nationkey:INTEGER [25], c_phone:STRING [150000], c_acctbal:FLOAT [140187], c_mktsegment:STRING [5], c_comment:STRING [149968])


}
Right Operator:
{
SELECT
Schema: (o_orderkey:INTEGER [1500000], o_custkey:INTEGER [99996], o_orderstatus:STRING [3], o_totalprice:FLOAT [1464566], o_orderdate:STRING [2406], o_orderpriority:STRING [5], o_clerk:STRING [1000], o_shippriority:STRING [1], o_comment:STRING [1482071])
Predicate: (Left[4] > Const (String)) AND (Left[4] < Const (String))
Producer: SCAN
Schema:(o_orderkey:INTEGER [1500000], o_custkey:INTEGER [99996], o_orderstatus:STRING [3], o_totalprice:FLOAT [1464566], o_orderdate:STRING [2406], o_orderpriority:STRING [5], o_clerk:STRING [1000], o_shippriority:STRING [1], o_comment:STRING [1482071])


}

}
Right Operator:
{
SCAN
Schema:(l_orderkey:INTEGER [1500000], l_partkey:INTEGER [200000], l_suppkey:INTEGER [10000], l_linenumber:INTEGER [7], l_quantity:INTEGER [50], l_extendedprice:FLOAT [933900], l_discount:FLOAT [11], l_tax:FLOAT [9], l_returnflag:STRING [3], l_linestatus:STRING [2], l_shipdate:STRING [2526], l_commitdate:STRING [2466], l_receiptdate:STRING [2554], l_shipinstruct:STRING [4], l_shipmode:STRING [7], l_comment:STRING [4580667])

}


}

)
6: syntax error at 
Error: Query is not correct!
