OK!

OK!
QUERY EXECUTION TREE(
OUTPUT
Schema: (c_name:STRING [150000])
Out File: output.txt
Producer:
{
DISTINCT 
Schema: (c_name:STRING [150000])
Producer: PROJECT: 
Schema In: (r_regionkey:INTEGER [5], r_name:STRING [5], r_comment:STRING [5], n_nationkey:INTEGER [25], n_name:STRING [25], n_regionkey:INTEGER [5], n_comment:STRING [25], c_custkey:INTEGER [150000], c_name:STRING [150000], c_address:STRING [150000], c_nationkey:INTEGER [25], c_phone:STRING [150000], c_acctbal:FLOAT [140187], c_mktsegment:STRING [5], c_comment:STRING [149968], o_orderkey:INTEGER [1500000], o_custkey:INTEGER [99996], o_orderstatus:STRING [3], o_totalprice:FLOAT [1464566], o_orderdate:STRING [2406], o_orderpriority:STRING [5], o_clerk:STRING [1000], o_shippriority:STRING [1], o_comment:STRING [1482071], l_orderkey:INTEGER [1500000], l_partkey:INTEGER [200000], l_suppkey:INTEGER [10000], l_linenumber:INTEGER [7], l_quantity:INTEGER [50], l_extendedprice:FLOAT [933900], l_discount:FLOAT [11], l_tax:FLOAT [9], l_returnflag:STRING [3], l_linestatus:STRING [2], l_shipdate:STRING [2526], l_commitdate:STRING [2466], l_receiptdate:STRING [2554], l_shipinstruct:STRING [4], l_shipmode:STRING [7], l_comment:STRING [4580667])
Schema Out: (c_name:STRING [150000])
# Attributes Input: 40
# Attributes Output: 1
Keep: 8 
Producer: JOIN
Left Schema:
(r_regionkey:INTEGER [5], r_name:STRING [5], r_comment:STRING [5], n_nationkey:INTEGER [25], n_name:STRING [25], n_regionkey:INTEGER [5], n_comment:STRING [25], c_custkey:INTEGER [150000], c_name:STRING [150000], c_address:STRING [150000], c_nationkey:INTEGER [25], c_phone:STRING [150000], c_acctbal:FLOAT [140187], c_mktsegment:STRING [5], c_comment:STRING [149968], o_orderkey:INTEGER [1500000], o_custkey:INTEGER [99996], o_orderstatus:STRING [3], o_totalprice:FLOAT [1464566], o_orderdate:STRING [2406], o_orderpriority:STRING [5], o_clerk:STRING [1000], o_shippriority:STRING [1], o_comment:STRING [1482071])
Right Schema:
(l_orderkey:INTEGER [1500000], l_partkey:INTEGER [200000], l_suppkey:INTEGER [10000], l_linenumber:INTEGER [7], l_quantity:INTEGER [50], l_extendedprice:FLOAT [933900], l_discount:FLOAT [11], l_tax:FLOAT [9], l_returnflag:STRING [3], l_linestatus:STRING [2], l_shipdate:STRING [2526], l_commitdate:STRING [2466], l_receiptdate:STRING [2554], l_shipinstruct:STRING [4], l_shipmode:STRING [7], l_comment:STRING [4580667])
Schema Out:
(r_regionkey:INTEGER [5], r_name:STRING [5], r_comment:STRING [5], n_nationkey:INTEGER [25], n_name:STRING [25], n_regionkey:INTEGER [5], n_comment:STRING [25], c_custkey:INTEGER [150000], c_name:STRING [150000], c_address:STRING [150000], c_nationkey:INTEGER [25], c_phone:STRING [150000], c_acctbal:FLOAT [140187], c_mktsegment:STRING [5], c_comment:STRING [149968], o_orderkey:INTEGER [1500000], o_custkey:INTEGER [99996], o_orderstatus:STRING [3], o_totalprice:FLOAT [1464566], o_orderdate:STRING [2406], o_orderpriority:STRING [5], o_clerk:STRING [1000], o_shippriority:STRING [1], o_comment:STRING [1482071], l_orderkey:INTEGER [1500000], l_partkey:INTEGER [200000], l_suppkey:INTEGER [10000], l_linenumber:INTEGER [7], l_quantity:INTEGER [50], l_extendedprice:FLOAT [933900], l_discount:FLOAT [11], l_tax:FLOAT [9], l_returnflag:STRING [3], l_linestatus:STRING [2], l_shipdate:STRING [2526], l_commitdate:STRING [2466], l_receiptdate:STRING [2554], l_shipinstruct:STRING [4], l_shipmode:STRING [7], l_comment:STRING [4580667])
Predicate:
(Right[0] = Left[15] (Integer))
Left Operator:
{
JOIN
Left Schema:
(r_regionkey:INTEGER [5], r_name:STRING [5], r_comment:STRING [5], n_nationkey:INTEGER [25], n_name:STRING [25], n_regionkey:INTEGER [5], n_comment:STRING [25], c_custkey:INTEGER [150000], c_name:STRING [150000], c_address:STRING [150000], c_nationkey:INTEGER [25], c_phone:STRING [150000], c_acctbal:FLOAT [140187], c_mktsegment:STRING [5], c_comment:STRING [149968])
Right Schema:
(o_orderkey:INTEGER [1500000], o_custkey:INTEGER [99996], o_orderstatus:STRING [3], o_totalprice:FLOAT [1464566], o_orderdate:STRING [2406], o_orderpriority:STRING [5], o_clerk:STRING [1000], o_shippriority:STRING [1], o_comment:STRING [1482071])
Schema Out:
(r_regionkey:INTEGER [5], r_name:STRING [5], r_comment:STRING [5], n_nationkey:INTEGER [25], n_name:STRING [25], n_regionkey:INTEGER [5], n_comment:STRING [25], c_custkey:INTEGER [150000], c_name:STRING [150000], c_address:STRING [150000], c_nationkey:INTEGER [25], c_phone:STRING [150000], c_acctbal:FLOAT [140187], c_mktsegment:STRING [5], c_comment:STRING [149968], o_orderkey:INTEGER [1500000], o_custkey:INTEGER [99996], o_orderstatus:STRING [3], o_totalprice:FLOAT [1464566], o_orderdate:STRING [2406], o_orderpriority:STRING [5], o_clerk:STRING [1000], o_shippriority:STRING [1], o_comment:STRING [1482071])
Predicate:
(Right[1] = Left[7] (Integer))
Left Operator:
{
JOIN
Left Schema:
(r_regionkey:INTEGER [5], r_name:STRING [5], r_comment:STRING [5], n_nationkey:INTEGER [25], n_name:STRING [25], n_regionkey:INTEGER [5], n_comment:STRING [25])
Right Schema:
(c_custkey:INTEGER [150000], c_name:STRING [150000], c_address:STRING [150000], c_nationkey:INTEGER [25], c_phone:STRING [150000], c_acctbal:FLOAT [140187], c_mktsegment:STRING [5], c_comment:STRING [149968])
Schema Out:
(r_regionkey:INTEGER [5], r_name:STRING [5], r_comment:STRING [5], n_nationkey:INTEGER [25], n_name:STRING [25], n_regionkey:INTEGER [5], n_comment:STRING [25], c_custkey:INTEGER [150000], c_name:STRING [150000], c_address:STRING [150000], c_nationkey:INTEGER [25], c_phone:STRING [150000], c_acctbal:FLOAT [140187], c_mktsegment:STRING [5], c_comment:STRING [149968])
Predicate:
(Right[3] = Left[3] (Integer))
Left Operator:
{
JOIN
Left Schema:
(r_regionkey:INTEGER [5], r_name:STRING [5], r_comment:STRING [5])
Right Schema:
(n_nationkey:INTEGER [25], n_name:STRING [25], n_regionkey:INTEGER [5], n_comment:STRING [25])
Schema Out:
(r_regionkey:INTEGER [5], r_name:STRING [5], r_comment:STRING [5], n_nationkey:INTEGER [25], n_name:STRING [25], n_regionkey:INTEGER [5], n_comment:STRING [25])
Predicate:
(Right[2] = Left[0] (Integer))
Left Operator:
{
SELECT
Schema: (r_regionkey:INTEGER [5], r_name:STRING [5], r_comment:STRING [5])
Predicate: (Left[1] = Const (String))
Producer: SCAN
Schema:(r_regionkey:INTEGER [5], r_name:STRING [5], r_comment:STRING [5])


}
Right Operator:
{
SCAN
Schema:(n_nationkey:INTEGER [25], n_name:STRING [25], n_regionkey:INTEGER [5], n_comment:STRING [25])

}

}
Right Operator:
{
SCAN
Schema:(c_custkey:INTEGER [150000], c_name:STRING [150000], c_address:STRING [150000], c_nationkey:INTEGER [25], c_phone:STRING [150000], c_acctbal:FLOAT [140187], c_mktsegment:STRING [5], c_comment:STRING [149968])

}

}
Right Operator:
{
SCAN
Schema:(o_orderkey:INTEGER [1500000], o_custkey:INTEGER [99996], o_orderstatus:STRING [3], o_totalprice:FLOAT [1464566], o_orderdate:STRING [2406], o_orderpriority:STRING [5], o_clerk:STRING [1000], o_shippriority:STRING [1], o_comment:STRING [1482071])

}

}
Right Operator:
{
SCAN
Schema:(l_orderkey:INTEGER [1500000], l_partkey:INTEGER [200000], l_suppkey:INTEGER [10000], l_linenumber:INTEGER [7], l_quantity:INTEGER [50], l_extendedprice:FLOAT [933900], l_discount:FLOAT [11], l_tax:FLOAT [9], l_returnflag:STRING [3], l_linestatus:STRING [2], l_shipdate:STRING [2526], l_commitdate:STRING [2466], l_receiptdate:STRING [2554], l_shipinstruct:STRING [4], l_shipmode:STRING [7], l_comment:STRING [4580667])

}



}

)
{c_name: Customer#000000011}
{c_name: Customer#000000020}
{c_name: Customer#000000026}
{c_name: Customer#000000031}
{c_name: Customer#000000043}
{c_name: Customer#000000046}
{c_name: Customer#000000050}
{c_name: Customer#000000062}
{c_name: Customer#000000065}
{c_name: Customer#000000070}
{c_name: Customer#000000071}
{c_name: Customer#000000083}
{c_name: Customer#000000112}
{c_name: Customer#000000119}
{c_name: Customer#000000125}
{c_name: Customer#000000136}
{c_name: Customer#000000149}
{c_name: Customer#000000151}
{c_name: Customer#000000154}
{c_name: Customer#000000161}
{c_name: Customer#000000172}
{c_name: Customer#000000193}
{c_name: Customer#000000202}
{c_name: Customer#000000208}
{c_name: Customer#000000212}
{c_name: Customer#000000217}
{c_name: Customer#000000232}
{c_name: Customer#000000257}
{c_name: Customer#000000271}
{c_name: Customer#000000274}
{c_name: Customer#000000275}
{c_name: Customer#000000277}
{c_name: Customer#000000281}
{c_name: Customer#000000283}
{c_name: Customer#000000284}
{c_name: Customer#000000286}
{c_name: Customer#000000301}
{c_name: Customer#000000311}
{c_name: Customer#000000317}
{c_name: Customer#000000319}
{c_name: Customer#000000332}
{c_name: Customer#000000338}
{c_name: Customer#000000349}
{c_name: Customer#000000364}
{c_name: Customer#000000368}
{c_name: Customer#000000371}
{c_name: Customer#000000374}
{c_name: Customer#000000377}
{c_name: Customer#000000379}
{c_name: Customer#000000388}
{c_name: Customer#000000394}
{c_name: Customer#000000397}
{c_name: Customer#000000401}
{c_name: Customer#000000404}
{c_name: Customer#000000410}
{c_name: Customer#000000412}
{c_name: Customer#000000413}
{c_name: Customer#000000415}
{c_name: Customer#000000424}
{c_name: Customer#000000431}
{c_name: Customer#000000436}
{c_name: Customer#000000452}
{c_name: Customer#000000454}
{c_name: Customer#000000455}
{c_name: Customer#000000485}
{c_name: Customer#000000490}
{c_name: Customer#000000497}
{c_name: Customer#000000514}
{c_name: Customer#000000538}
{c_name: Customer#000000539}
{c_name: Customer#000000547}
{c_name: Customer#000000559}
{c_name: Customer#000000560}
{c_name: Customer#000000587}
{c_name: Customer#000000589}
{c_name: Customer#000000595}
{c_name: Customer#000000605}
{c_name: Customer#000000611}
{c_name: Customer#000000631}
{c_name: Customer#000000637}
{c_name: Customer#000000665}
{c_name: Customer#000000667}
{c_name: Customer#000000683}
{c_name: Customer#000000686}
{c_name: Customer#000000692}
{c_name: Customer#000000698}
{c_name: Customer#000000703}
{c_name: Customer#000000706}
{c_name: Customer#000000710}
{c_name: Customer#000000712}
{c_name: Customer#000000715}
{c_name: Customer#000000731}
{c_name: Customer#000000748}
{c_name: Customer#000000761}
{c_name: Customer#000000778}
{c_name: Customer#000000782}
{c_name: Customer#000000794}
{c_name: Customer#000000808}
{c_name: Customer#000000830}
{c_name: Customer#000000832}
{c_name: Customer#000000833}
{c_name: Customer#000000839}
{c_name: Customer#000000847}
{c_name: Customer#000000850}
{c_name: Customer#000000868}
{c_name: Customer#000000916}
{c_name: Customer#000000922}
{c_name: Customer#000000929}
{c_name: Customer#000000937}
{c_name: Customer#000000940}
{c_name: Customer#000000941}
{c_name: Customer#000000947}
{c_name: Customer#000000953}
{c_name: Customer#000000967}
{c_name: Customer#000000976}
{c_name: Customer#000000982}
{c_name: Customer#000000983}
{c_name: Customer#000000985}
{c_name: Customer#000001000}
{c_name: Customer#000001021}
{c_name: Customer#000001037}
{c_name: Customer#000001043}
{c_name: Customer#000001048}
{c_name: Customer#000001055}
{c_name: Customer#000001058}
{c_name: Customer#000001067}
{c_name: Customer#000001078}
{c_name: Customer#000001079}
{c_name: Customer#000001088}
{c_name: Customer#000001097}
{c_name: Customer#000001105}
{c_name: Customer#000001108}
{c_name: Customer#000001109}
{c_name: Customer#000001111}
{c_name: Customer#000001117}
{c_name: Customer#000001130}
{c_name: Customer#000001132}
{c_name: Customer#000001138}
{c_name: Customer#000001139}
{c_name: Customer#000001141}
{c_name: Customer#000001148}
{c_name: Customer#000001151}
{c_name: Customer#000001154}
{c_name: Customer#000001186}
{c_name: Customer#000001213}
{c_name: Customer#000001238}
{c_name: Customer#000001249}
{c_name: Customer#000001285}
{c_name: Customer#000001291}
{c_name: Customer#000001294}
{c_name: Customer#000001300}
{c_name: Customer#000001313}
{c_name: Customer#000001324}
{c_name: Customer#000001325}
{c_name: Customer#000001337}
{c_name: Customer#000001348}
{c_name: Customer#000001360}
{c_name: Customer#000001364}
{c_name: Customer#000001367}
{c_name: Customer#000001372}
{c_name: Customer#000001379}
{c_name: Customer#000001381}
{c_name: Customer#000001387}
{c_name: Customer#000001391}
{c_name: Customer#000001402}
{c_name: Customer#000001424}
{c_name: Customer#000001441}
{c_name: Customer#000001444}
{c_name: Customer#000001457}
{c_name: Customer#000001463}
{c_name: Customer#000001469}
{c_name: Customer#000001477}
{c_name: Customer#000001478}
{c_name: Customer#000001480}
{c_name: Customer#000001483}
{c_name: Customer#000001498}
5: syntax error at 
Error: Query is not correct!
