OK!

OK!
QUERY EXECUTION TREE(
OUTPUT
Schema: (SUM:FLOAT [150000], c_name:STRING [150000])
Out File: output.txt
Producer:
{
GROUP BY
SchemaIn: (o_orderkey:INTEGER [1500000], o_custkey:INTEGER [99996], o_orderstatus:STRING [3], o_totalprice:FLOAT [1464566], o_orderdate:STRING [2406], o_orderpriority:STRING [5], o_clerk:STRING [1000], o_shippriority:STRING [1], o_comment:STRING [1482071], c_custkey:INTEGER [150000], c_name:STRING [150000], c_address:STRING [150000], c_nationkey:INTEGER [25], c_phone:STRING [150000], c_acctbal:FLOAT [140187], c_mktsegment:STRING [5], c_comment:STRING [149968])
SchemaOut: (SUM:FLOAT [150000], c_name:STRING [150000])
GroupingAtts: {10:String}
Function:
Function
Producer:
{
JOIN
Left Schema:
(o_orderkey:INTEGER [1500000], o_custkey:INTEGER [99996], o_orderstatus:STRING [3], o_totalprice:FLOAT [1464566], o_orderdate:STRING [2406], o_orderpriority:STRING [5], o_clerk:STRING [1000], o_shippriority:STRING [1], o_comment:STRING [1482071])
Right Schema:
(c_custkey:INTEGER [150000], c_name:STRING [150000], c_address:STRING [150000], c_nationkey:INTEGER [25], c_phone:STRING [150000], c_acctbal:FLOAT [140187], c_mktsegment:STRING [5], c_comment:STRING [149968])
Schema Out:
(o_orderkey:INTEGER [1500000], o_custkey:INTEGER [99996], o_orderstatus:STRING [3], o_totalprice:FLOAT [1464566], o_orderdate:STRING [2406], o_orderpriority:STRING [5], o_clerk:STRING [1000], o_shippriority:STRING [1], o_comment:STRING [1482071], c_custkey:INTEGER [150000], c_name:STRING [150000], c_address:STRING [150000], c_nationkey:INTEGER [25], c_phone:STRING [150000], c_acctbal:FLOAT [140187], c_mktsegment:STRING [5], c_comment:STRING [149968])
Predicate:
(Right[0] = Left[1] (Integer))
Left Operator:
{
SCAN
Schema:(o_orderkey:INTEGER [1500000], o_custkey:INTEGER [99996], o_orderstatus:STRING [3], o_totalprice:FLOAT [1464566], o_orderdate:STRING [2406], o_orderpriority:STRING [5], o_clerk:STRING [1000], o_shippriority:STRING [1], o_comment:STRING [1482071])

}
Right Operator:
{
SCAN
Schema:(c_custkey:INTEGER [150000], c_name:STRING [150000], c_address:STRING [150000], c_nationkey:INTEGER [25], c_phone:STRING [150000], c_acctbal:FLOAT [140187], c_mktsegment:STRING [5], c_comment:STRING [149968])

}

}

}

)
{SUM: 6404.04, c_name: Customer#000000001}
{SUM: 1216.5, c_name: Customer#000000002}
{SUM: 88871.7, c_name: Customer#000000004}
{SUM: 7150.23, c_name: Customer#000000005}
{SUM: 229487, c_name: Customer#000000007}
{SUM: 95476.4, c_name: Customer#000000008}
{SUM: 74345.6, c_name: Customer#000000010}
{SUM: -1908.2, c_name: Customer#000000011}
{SUM: 81004.1, c_name: Customer#000000013}
{SUM: 57929.3, c_name: Customer#000000014}
{SUM: 74896.5, c_name: Customer#000000016}
{SUM: 76.08, c_name: Customer#000000017}
{SUM: 222868, c_name: Customer#000000019}
{SUM: 68430.6, c_name: Customer#000000020}
{SUM: 11839.6, c_name: Customer#000000022}
{SUM: 36652.2, c_name: Customer#000000023}
{SUM: 142674, c_name: Customer#000000025}
{SUM: 15546.2, c_name: Customer#000000026}
{SUM: 25179.5, c_name: Customer#000000028}
{SUM: 99037.5, c_name: Customer#000000029}
{SUM: 83790.2, c_name: Customer#000000031}
{SUM: 20829.2, c_name: Customer#000000032}
{SUM: 206153, c_name: Customer#000000034}
{SUM: 14738.9, c_name: Customer#000000035}
{SUM: -13766.2, c_name: Customer#000000037}
{SUM: 76141.3, c_name: Customer#000000038}
{SUM: 25370.7, c_name: Customer#000000040}
{SUM: 2709.5, c_name: Customer#000000041}
{SUM: 217894, c_name: Customer#000000043}
{SUM: 80475.3, c_name: Customer#000000044}
{SUM: 86168.8, c_name: Customer#000000046}
{SUM: 1372.9, c_name: Customer#000000047}
{SUM: 109775, c_name: Customer#000000049}
{SUM: 42661.3, c_name: Customer#000000050}
{SUM: 118236, c_name: Customer#000000052}
{SUM: 61704.6, c_name: Customer#000000053}
{SUM: 73153.8, c_name: Customer#000000055}
{SUM: 78370.3, c_name: Customer#000000056}
{SUM: 110134, c_name: Customer#000000058}
{SUM: 31127.4, c_name: Customer#000000059}
{SUM: 33797.3, c_name: Customer#000000061}
{SUM: 7742.93, c_name: Customer#000000062}
{SUM: -9052.96, c_name: Customer#000000064}
{SUM: 140723, c_name: Customer#000000065}
{SUM: 146999, c_name: Customer#000000067}
{SUM: 89093.8, c_name: Customer#000000068}
{SUM: 73012.8, c_name: Customer#000000070}
{SUM: -6111.9, c_name: Customer#000000071}
{SUM: 128655, c_name: Customer#000000073}
{SUM: 33173.2, c_name: Customer#000000074}
{SUM: 57453.3, c_name: Customer#000000076}
{SUM: 10433.2, c_name: Customer#000000077}
{SUM: 163881, c_name: Customer#000000079}
{SUM: 95985.9, c_name: Customer#000000080}
{SUM: 142025, c_name: Customer#000000082}
{SUM: 45244.6, c_name: Customer#000000083}
{SUM: 64346.2, c_name: Customer#000000085}
{SUM: 33063.2, c_name: Customer#000000086}
{SUM: 192755, c_name: Customer#000000088}
{SUM: 10715.3, c_name: Customer#000000089}
{SUM: 74290.2, c_name: Customer#000000091}
{SUM: 8280.37, c_name: Customer#000000092}
{SUM: 143003, c_name: Customer#000000094}
{SUM: 31964.3, c_name: Customer#000000095}
{SUM: 47618.6, c_name: Customer#000000097}
{SUM: -6065.07, c_name: Customer#000000098}
{SUM: 158238, c_name: Customer#000000100}
{SUM: 112064, c_name: Customer#000000101}
{SUM: 68936.2, c_name: Customer#000000103}
{SUM: -5883.8, c_name: Customer#000000104}
{SUM: 42749.5, c_name: Customer#000000106}
{SUM: 32684, c_name: Customer#000000107}
{SUM: -13605.9, c_name: Customer#000000109}
{SUM: 67166.9, c_name: Customer#000000110}
{SUM: 59067, c_name: Customer#000000112}
{SUM: 29120, c_name: Customer#000000113}
{SUM: 127652, c_name: Customer#000000115}
{SUM: 84039.9, c_name: Customer#000000116}
{SUM: 60900.3, c_name: Customer#000000118}
{SUM: 11791, c_name: Customer#000000119}
{SUM: 154280, c_name: Customer#000000121}
{SUM: 47192.8, c_name: Customer#000000122}
{SUM: 23952.4, c_name: Customer#000000124}
{SUM: -1872.96, c_name: Customer#000000125}
{SUM: 111369, c_name: Customer#000000127}
{SUM: -14804.4, c_name: Customer#000000128}
{SUM: 111619, c_name: Customer#000000130}
{SUM: 51573.2, c_name: Customer#000000131}
{SUM: 34720, c_name: Customer#000000133}
{SUM: 50697.9, c_name: Customer#000000134}
{SUM: -20217.4, c_name: Customer#000000136}
{SUM: 86221.3, c_name: Customer#000000137}
{SUM: 157956, c_name: Customer#000000139}
{SUM: 119558, c_name: Customer#000000140}
{SUM: 35357, c_name: Customer#000000142}
{SUM: 17492, c_name: Customer#000000143}
{SUM: 175481, c_name: Customer#000000145}
{SUM: 39944.2, c_name: Customer#000000146}
{SUM: 32034, c_name: Customer#000000148}
{SUM: 98556.1, c_name: Customer#000000149}
{SUM: 72618.3, c_name: Customer#000000151}
{SUM: 9721.44, c_name: Customer#000000152}
{SUM: 126768, c_name: Customer#000000154}
{SUM: 76737.1, c_name: Customer#000000155}
{SUM: 146531, c_name: Customer#000000157}
{SUM: 73931.4, c_name: Customer#000000158}
{SUM: 91626.6, c_name: Customer#000000160}
{SUM: 44568.7, c_name: Customer#000000161}
{SUM: 41280.5, c_name: Customer#000000163}
{SUM: 2501.4, c_name: Customer#000000164}
{SUM: 26548.7, c_name: Customer#000000166}
{SUM: 14680.9, c_name: Customer#000000167}
{SUM: 94160.4, c_name: Customer#000000169}
{SUM: 84566.8, c_name: Customer#000000170}
{SUM: 18150.4, c_name: Customer#000000172}
{SUM: 6766.72, c_name: Customer#000000173}
{SUM: 45433, c_name: Customer#000000175}
{SUM: -4133.36, c_name: Customer#000000176}
{SUM: 49995, c_name: Customer#000000178}
{SUM: -560.04, c_name: Customer#000000179}
{SUM: 106109, c_name: Customer#000000181}
{SUM: 24051.1, c_name: Customer#000000182}
{SUM: 3579.66, c_name: Customer#000000184}
{SUM: 11155, c_name: Customer#000000185}
{SUM: -15484.4, c_name: Customer#000000187}
{SUM: 104867, c_name: Customer#000000188}
{SUM: 28176.8, c_name: Customer#000000190}
{SUM: 11780.6, c_name: Customer#000000191}
{SUM: 136417, c_name: Customer#000000193}
{SUM: 46875.4, c_name: Customer#000000194}
{SUM: 108645, c_name: Customer#000000196}
{SUM: 69021.5, c_name: Customer#000000197}
{SUM: 206666, c_name: Customer#000000199}
{SUM: 139546, c_name: Customer#000000200}
{SUM: 46990.4, c_name: Customer#000000202}
{SUM: 55724.4, c_name: Customer#000000203}
{SUM: 128907, c_name: Customer#000000205}
{SUM: -3572.27, c_name: Customer#000000206}
{SUM: 118558, c_name: Customer#000000208}
{SUM: 106482, c_name: Customer#000000209}
{SUM: 75577, c_name: Customer#000000211}
{SUM: 7660.64, c_name: Customer#000000212}
{SUM: 38164.7, c_name: Customer#000000214}
{SUM: 23654.4, c_name: Customer#000000215}
{SUM: 8323.26, c_name: Customer#000000217}
{SUM: 95411.9, c_name: Customer#000000218}
{SUM: 173501, c_name: Customer#000000220}
{SUM: 16093.9, c_name: Customer#000000221}
{SUM: 201857, c_name: Customer#000000223}
{SUM: 152373, c_name: Customer#000000224}
{SUM: 234224, c_name: Customer#000000226}
{SUM: 9041.15, c_name: Customer#000000227}
{SUM: 113521, c_name: Customer#000000229}
{SUM: 13462.6, c_name: Customer#000000230}
{SUM: 9984.78, c_name: Customer#000000232}
{SUM: 27987.7, c_name: Customer#000000233}
{SUM: 15842.6, c_name: Customer#000000235}
{SUM: 80768.8, c_name: Customer#000000236}
{SUM: 73128.7, c_name: Customer#000000238}
{SUM: 70184, c_name: Customer#000000239}
{SUM: 190511, c_name: Customer#000000241}
{SUM: 19754.1, c_name: Customer#000000242}
{SUM: 60153.1, c_name: Customer#000000244}
{SUM: 29761.2, c_name: Customer#000000245}
{SUM: 178414, c_name: Customer#000000247}
{SUM: 71266.8, c_name: Customer#000000248}
{SUM: 48789.5, c_name: Customer#000000250}
{SUM: 115024, c_name: Customer#000000251}
{SUM: 164511, c_name: Customer#000000253}
{SUM: 13407.5, c_name: Customer#000000254}
{SUM: 37697.7, c_name: Customer#000000256}
{SUM: -3058.65, c_name: Customer#000000257}
{SUM: 53364.6, c_name: Customer#000000259}
{SUM: 73568.9, c_name: Customer#000000260}
{SUM: 23427, c_name: Customer#000000262}
{SUM: 6972.18, c_name: Customer#000000263}
{SUM: 140689, c_name: Customer#000000265}
{SUM: 38367, c_name: Customer#000000266}
{SUM: 156883, c_name: Customer#000000268}
{SUM: 107343, c_name: Customer#000000269}
{SUM: 29807, c_name: Customer#000000271}
{SUM: -5222.21, c_name: Customer#000000272}
{SUM: 79657.6, c_name: Customer#000000274}
{SUM: 50673.1, c_name: Customer#000000275}
{SUM: 168646, c_name: Customer#000000277}
{SUM: 106702, c_name: Customer#000000278}
{SUM: 98821, c_name: Customer#000000280}
{SUM: 74148.9, c_name: Customer#000000281}
{SUM: 93450.6, c_name: Customer#000000283}
{SUM: 4748.16, c_name: Customer#000000284}
{SUM: -2084.87, c_name: Customer#000000286}
{SUM: 15607.6, c_name: Customer#000000287}
{SUM: -3883.5, c_name: Customer#000000289}
{SUM: 10868.1, c_name: Customer#000000290}
{SUM: 47606.9, c_name: Customer#000000292}
{SUM: -481.69, c_name: Customer#000000293}
{SUM: 180460, c_name: Customer#000000295}
{SUM: 56570.6, c_name: Customer#000000296}
{SUM: 83882.5, c_name: Customer#000000298}
{SUM: 48424.5, c_name: Customer#000000299}
{SUM: 223321, c_name: Customer#000000301}
{SUM: 9966.78, c_name: Customer#000000302}
{SUM: 258091, c_name: Customer#000000304}
{SUM: 43565.9, c_name: Customer#000000305}
{SUM: 7624.98, c_name: Customer#000000307}
{SUM: 41507.6, c_name: Customer#000000308}
{SUM: 41425.4, c_name: Customer#000000310}
{SUM: 59305.5, c_name: Customer#000000311}
{SUM: 91737.1, c_name: Customer#000000313}
{SUM: 31134, c_name: Customer#000000314}
{SUM: 86863.8, c_name: Customer#000000316}
{SUM: 11482.6, c_name: Customer#000000317}
{SUM: 40355.9, c_name: Customer#000000319}
{SUM: 54744.7, c_name: Customer#000000320}
{SUM: 62859.7, c_name: Customer#000000322}
{SUM: 9101.36, c_name: Customer#000000323}
{SUM: 49924.1, c_name: Customer#000000325}
{SUM: 17158.7, c_name: Customer#000000326}
{SUM: 181167, c_name: Customer#000000328}
{SUM: -9778.65, c_name: Customer#000000329}
{SUM: 3064.86, c_name: Customer#000000331}
{SUM: -2670.9, c_name: Customer#000000332}
{SUM: -12177.3, c_name: Customer#000000334}
{SUM: 34187.3, c_name: Customer#000000335}
{SUM: -4329.44, c_name: Customer#000000337}
{SUM: 49109.9, c_name: Customer#000000338}
{SUM: 112011, c_name: Customer#000000340}
{SUM: 74224, c_name: Customer#000000341}
{SUM: 132513, c_name: Customer#000000343}
{SUM: -2724.75, c_name: Customer#000000344}
{SUM: 4048.38, c_name: Customer#000000346}
{SUM: 95536, c_name: Customer#000000347}
{SUM: -15264.5, c_name: Customer#000000349}
{SUM: 154.48, c_name: Customer#000000350}
{SUM: 150189, c_name: Customer#000000352}
{SUM: 25592.2, c_name: Customer#000000353}
{SUM: 183286, c_name: Customer#000000355}
{SUM: 20538.4, c_name: Customer#000000356}
{SUM: -1027.18, c_name: Customer#000000358}
{SUM: 63752.3, c_name: Customer#000000359}
{SUM: 111778, c_name: Customer#000000361}
{SUM: 49192.1, c_name: Customer#000000362}
{SUM: 934.96, c_name: Customer#000000364}
{SUM: 2948.12, c_name: Customer#000000365}
{SUM: 154847, c_name: Customer#000000367}
{SUM: 847.2, c_name: Customer#000000368}
{SUM: 215587, c_name: Customer#000000370}
{SUM: 77891.4, c_name: Customer#000000371}
{SUM: 25894.7, c_name: Customer#000000373}
{SUM: 60469, c_name: Customer#000000374}
{SUM: 42314.5, c_name: Customer#000000376}
{SUM: 9393.48, c_name: Customer#000000377}
{SUM: 96266, c_name: Customer#000000379}
{SUM: 27554.6, c_name: Customer#000000380}
{SUM: 169274, c_name: Customer#000000382}
{SUM: -7644.96, c_name: Customer#000000383}
{SUM: 36856.4, c_name: Customer#000000385}
{SUM: 1624.07, c_name: Customer#000000386}
{SUM: 42637.1, c_name: Customer#000000388}
{SUM: -1538.05, c_name: Customer#000000389}
{SUM: 96026, c_name: Customer#000000391}
{SUM: 118893, c_name: Customer#000000392}
{SUM: 78014.4, c_name: Customer#000000394}
{SUM: 77898.8, c_name: Customer#000000395}
{SUM: 12060.8, c_name: Customer#000000397}
{SUM: 44328.1, c_name: Customer#000000398}
{SUM: -1969.2, c_name: Customer#000000400}
{SUM: 49757.2, c_name: Customer#000000401}
{SUM: 133867, c_name: Customer#000000403}
{SUM: 74087.3, c_name: Customer#000000404}
{SUM: 60017.2, c_name: Customer#000000406}
{SUM: 85833.7, c_name: Customer#000000407}
{SUM: 83367.1, c_name: Customer#000000409}
{SUM: 60889.8, c_name: Customer#000000410}
{SUM: 126924, c_name: Customer#000000412}
{SUM: 87268.5, c_name: Customer#000000413}
{SUM: 32451, c_name: Customer#000000415}
{SUM: 30557, c_name: Customer#000000416}
{SUM: 27862, c_name: Customer#000000418}
{SUM: 46720.1, c_name: Customer#000000419}
{SUM: 141463, c_name: Customer#000000421}
{SUM: -3265.68, c_name: Customer#000000422}
{SUM: 26129.9, c_name: Customer#000000424}
{SUM: 40774.2, c_name: Customer#000000425}
{SUM: 83159.2, c_name: Customer#000000427}
{SUM: 17571.2, c_name: Customer#000000428}
{SUM: 181819, c_name: Customer#000000430}
{SUM: 20461.5, c_name: Customer#000000431}
{SUM: 192417, c_name: Customer#000000433}
{SUM: 44106.9, c_name: Customer#000000434}
{SUM: 129731, c_name: Customer#000000436}
{SUM: 62084.2, c_name: Customer#000000437}
{SUM: -1225.8, c_name: Customer#000000439}
{SUM: 25326.6, c_name: Customer#000000440}
{SUM: 95611, c_name: Customer#000000442}
{SUM: 26083.5, c_name: Customer#000000443}
{SUM: 136320, c_name: Customer#000000445}
{SUM: 147610, c_name: Customer#000000446}
{SUM: 194814, c_name: Customer#000000448}
{SUM: 21013.6, c_name: Customer#000000449}
{SUM: 33769.4, c_name: Customer#000000451}
{SUM: 53069.6, c_name: Customer#000000452}
{SUM: 67478.4, c_name: Customer#000000454}
{SUM: 89184.4, c_name: Customer#000000455}
{SUM: 82146.5, c_name: Customer#000000457}
{SUM: -384.2, c_name: Customer#000000458}
{SUM: 83565.3, c_name: Customer#000000460}
{SUM: 128487, c_name: Customer#000000461}
{SUM: -13090, c_name: Customer#000000463}
{SUM: 165886, c_name: Customer#000000464}
{SUM: 60199.8, c_name: Customer#000000466}
{SUM: 46992.6, c_name: Customer#000000467}
{SUM: 95154.6, c_name: Customer#000000469}
{SUM: 35975.3, c_name: Customer#000000470}
{SUM: 198247, c_name: Customer#000000472}
{SUM: -2831.08, c_name: Customer#000000473}
{SUM: 153740, c_name: Customer#000000475}
{SUM: 53757.9, c_name: Customer#000000476}
{SUM: -3366.4, c_name: Customer#000000478}
{SUM: 62111.9, c_name: Customer#000000479}
{SUM: 186087, c_name: Customer#000000481}
{SUM: 34667, c_name: Customer#000000482}
{SUM: 59430, c_name: Customer#000000484}
{SUM: 78259, c_name: Customer#000000485}
{SUM: 263233, c_name: Customer#000000487}
{SUM: -3858.12, c_name: Customer#000000488}
{SUM: -4277, c_name: Customer#000000490}
{SUM: 8639.07, c_name: Customer#000000491}
{SUM: 151387, c_name: Customer#000000493}
{SUM: 62954.7, c_name: Customer#000000494}
{SUM: 147147, c_name: Customer#000000496}
{SUM: 13149.5, c_name: Customer#000000497}
{SUM: 77287.7, c_name: Customer#000000499}
{SUM: 19804.9, c_name: Customer#000000500}
{SUM: 11029.4, c_name: Customer#000000502}
{SUM: 16068.3, c_name: Customer#000000503}
{SUM: 98362.6, c_name: Customer#000000505}
{SUM: 10618.7, c_name: Customer#000000506}
{SUM: 42147.5, c_name: Customer#000000508}
{SUM: 78855, c_name: Customer#000000509}
{SUM: 73141, c_name: Customer#000000511}
{SUM: 43313.4, c_name: Customer#000000512}
{SUM: 128501, c_name: Customer#000000514}
{SUM: 19350.4, c_name: Customer#000000515}
{SUM: 98992.8, c_name: Customer#000000517}
{SUM: 69101.6, c_name: Customer#000000518}
{SUM: 174617, c_name: Customer#000000520}
{SUM: 69968.3, c_name: Customer#000000521}
{SUM: -6066.06, c_name: Customer#000000523}
{SUM: 39943.3, c_name: Customer#000000524}
{SUM: 12000.8, c_name: Customer#000000526}
{SUM: 39868.3, c_name: Customer#000000527}
{SUM: 154361, c_name: Customer#000000529}
{SUM: 89836.6, c_name: Customer#000000530}
{SUM: 34513.6, c_name: Customer#000000532}
{SUM: 54327.7, c_name: Customer#000000533}
{SUM: 49517.6, c_name: Customer#000000535}
{SUM: 50141.2, c_name: Customer#000000536}
{SUM: -5775.05, c_name: Customer#000000538}
{SUM: 26342, c_name: Customer#000000539}
{SUM: 20728.6, c_name: Customer#000000541}
{SUM: 31099.6, c_name: Customer#000000542}
{SUM: 89544.2, c_name: Customer#000000544}
{SUM: 67548, c_name: Customer#000000545}
{SUM: 66638.9, c_name: Customer#000000547}
{SUM: 633.15, c_name: Customer#000000548}
{SUM: 130875, c_name: Customer#000000550}
{SUM: -4688.46, c_name: Customer#000000551}
{SUM: 105701, c_name: Customer#000000553}
{SUM: 83955.7, c_name: Customer#000000554}
{SUM: 142996, c_name: Customer#000000556}
{SUM: 105149, c_name: Customer#000000557}
{SUM: 135078, c_name: Customer#000000559}
{SUM: 13226.3, c_name: Customer#000000560}
{SUM: 129283, c_name: Customer#000000562}
{SUM: 35548.8, c_name: Customer#000000563}
{SUM: 69910.9, c_name: Customer#000000565}
{SUM: 11568.6, c_name: Customer#000000566}
{SUM: 32939, c_name: Customer#000000568}
{SUM: -9542.76, c_name: Customer#000000569}
{SUM: 206844, c_name: Customer#000000571}
{SUM: 101537, c_name: Customer#000000572}
{SUM: 146813, c_name: Customer#000000574}
{SUM: 58436.6, c_name: Customer#000000575}
{SUM: 134124, c_name: Customer#000000577}
{SUM: 67993.5, c_name: Customer#000000578}
{SUM: -3995.86, c_name: Customer#000000580}
{SUM: 32421, c_name: Customer#000000581}
{SUM: 77407.5, c_name: Customer#000000583}
{SUM: 79431.4, c_name: Customer#000000584}
{SUM: 97552.7, c_name: Customer#000000586}
{SUM: 99089.1, c_name: Customer#000000587}
{SUM: 32941, c_name: Customer#000000589}
{SUM: 55909.6, c_name: Customer#000000590}
{SUM: 145691, c_name: Customer#000000592}
{SUM: 1868.08, c_name: Customer#000000593}
{SUM: 66834.7, c_name: Customer#000000595}
{SUM: 18951.7, c_name: Customer#000000596}
{SUM: 77874.7, c_name: Customer#000000598}
{SUM: 96072.3, c_name: Customer#000000599}
{SUM: 136755, c_name: Customer#000000601}
{SUM: 67239.2, c_name: Customer#000000602}
{SUM: 60723.2, c_name: Customer#000000604}
{SUM: -3848.11, c_name: Customer#000000605}
{SUM: 109038, c_name: Customer#000000607}
{SUM: 20307.2, c_name: Customer#000000608}
{SUM: 80998.1, c_name: Customer#000000610}
{SUM: 46996.7, c_name: Customer#000000611}
{SUM: 133595, c_name: Customer#000000613}
{SUM: 96302.4, c_name: Customer#000000614}
{SUM: 117277, c_name: Customer#000000616}
{SUM: 18129.6, c_name: Customer#000000617}
{SUM: 56087.8, c_name: Customer#000000619}
{SUM: 34770.9, c_name: Customer#000000620}
{SUM: 125456, c_name: Customer#000000622}
{SUM: 86763.6, c_name: Customer#000000623}
{SUM: 132132, c_name: Customer#000000625}
{SUM: 54471.2, c_name: Customer#000000626}
{SUM: 104039, c_name: Customer#000000628}
{SUM: 10201.5, c_name: Customer#000000629}
{SUM: 49457, c_name: Customer#000000631}
{SUM: -6342.96, c_name: Customer#000000632}
{SUM: 140747, c_name: Customer#000000634}
{SUM: 106818, c_name: Customer#000000635}
{SUM: 120179, c_name: Customer#000000637}
{SUM: 27100.8, c_name: Customer#000000638}
{SUM: 60516.8, c_name: Customer#000000640}
{SUM: 2376.43, c_name: Customer#000000641}
{SUM: 165910, c_name: Customer#000000643}
{SUM: 49465.2, c_name: Customer#000000644}
{SUM: 97190.7, c_name: Customer#000000646}
{SUM: -1196.73, c_name: Customer#000000647}
{SUM: 245506, c_name: Customer#000000649}
{SUM: 22956, c_name: Customer#000000650}
{SUM: -22071.6, c_name: Customer#000000652}
{SUM: 58460.4, c_name: Customer#000000653}
{SUM: 31044.2, c_name: Customer#000000655}
{SUM: -4681.08, c_name: Customer#000000656}
{SUM: 56600.2, c_name: Customer#000000658}
{SUM: 52976.8, c_name: Customer#000000659}
{SUM: 38179.7, c_name: Customer#000000661}
{SUM: 45173.3, c_name: Customer#000000662}
{SUM: 213077, c_name: Customer#000000664}
{SUM: -4934.32, c_name: Customer#000000665}
{SUM: 59197.7, c_name: Customer#000000667}
{SUM: 90026.3, c_name: Customer#000000668}
{SUM: 168473, c_name: Customer#000000670}
{SUM: 41962.3, c_name: Customer#000000671}
{SUM: 47311, c_name: Customer#000000673}
{SUM: 55227.5, c_name: Customer#000000674}
{SUM: 116080, c_name: Customer#000000676}
{SUM: 61408.9, c_name: Customer#000000677}
{SUM: 23705.5, c_name: Customer#000000679}
{SUM: 26197.4, c_name: Customer#000000680}
{SUM: 118730, c_name: Customer#000000682}
{SUM: 100330, c_name: Customer#000000683}
{SUM: 42836.6, c_name: Customer#000000685}
{SUM: 137584, c_name: Customer#000000686}
{SUM: 36899.2, c_name: Customer#000000688}
{SUM: 19256.1, c_name: Customer#000000689}
{SUM: 191323, c_name: Customer#000000691}
{SUM: 1936.97, c_name: Customer#000000692}
{SUM: 46675.7, c_name: Customer#000000694}
{SUM: 109518, c_name: Customer#000000695}
{SUM: 203046, c_name: Customer#000000697}
{SUM: 34730.6, c_name: Customer#000000698}
{SUM: 74248, c_name: Customer#000000700}
{SUM: 1638.78, c_name: Customer#000000701}
{SUM: 39984.2, c_name: Customer#000000703}
{SUM: 3531.52, c_name: Customer#000000704}
{SUM: 129922, c_name: Customer#000000706}
{SUM: 20956.2, c_name: Customer#000000707}
{SUM: -19094.7, c_name: Customer#000000709}
{SUM: 66709.1, c_name: Customer#000000710}
{SUM: 277347, c_name: Customer#000000712}
{SUM: 30632.2, c_name: Customer#000000713}
{SUM: 2126.25, c_name: Customer#000000715}
{SUM: 33460, c_name: Customer#000000716}
{SUM: 109699, c_name: Customer#000000718}
{SUM: -9293.64, c_name: Customer#000000719}
{SUM: 54730.2, c_name: Customer#000000721}
{SUM: 38147.2, c_name: Customer#000000722}
{SUM: 69811.7, c_name: Customer#000000724}
{SUM: 60362.9, c_name: Customer#000000725}
{SUM: 17762.1, c_name: Customer#000000727}
{SUM: 56546.5, c_name: Customer#000000728}
{SUM: 94364.6, c_name: Customer#000000730}
{SUM: 102423, c_name: Customer#000000731}
{SUM: 73968.5, c_name: Customer#000000733}
{SUM: 107258, c_name: Customer#000000734}
{SUM: 136720, c_name: Customer#000000736}
{SUM: 30020.9, c_name: Customer#000000737}
{SUM: 158604, c_name: Customer#000000739}
{SUM: 20805.1, c_name: Customer#000000740}
{SUM: 108481, c_name: Customer#000000742}
{SUM: 118305, c_name: Customer#000000743}
{SUM: 142303, c_name: Customer#000000745}
{SUM: 13973.5, c_name: Customer#000000746}
{SUM: 111345, c_name: Customer#000000748}
{SUM: 67422.8, c_name: Customer#000000749}
{SUM: 55405.5, c_name: Customer#000000751}
{SUM: 58545.6, c_name: Customer#000000752}
{SUM: -9636.62, c_name: Customer#000000754}
{SUM: 76319.4, c_name: Customer#000000755}
{SUM: 186696, c_name: Customer#000000757}
{SUM: 44465, c_name: Customer#000000758}
{SUM: 46131.8, c_name: Customer#000000760}
{SUM: 18311.5, c_name: Customer#000000761}
{SUM: 50355.1, c_name: Customer#000000763}
{SUM: 24737.4, c_name: Customer#000000764}
{SUM: 84195.9, c_name: Customer#000000766}
{SUM: 107059, c_name: Customer#000000767}
{SUM: 113066, c_name: Customer#000000769}
{SUM: 28935.1, c_name: Customer#000000770}
{SUM: 166214, c_name: Customer#000000772}
{SUM: 27469.4, c_name: Customer#000000773}
{SUM: 28910.1, c_name: Customer#000000775}
{SUM: 32028.1, c_name: Customer#000000776}
{SUM: 996.17, c_name: Customer#000000778}
{SUM: -8122.32, c_name: Customer#000000779}
{SUM: 96054.3, c_name: Customer#000000781}
{SUM: -3589.52, c_name: Customer#000000782}
{SUM: 63409.4, c_name: Customer#000000784}
{SUM: 1081.4, c_name: Customer#000000785}
{SUM: 5091.84, c_name: Customer#000000787}
{SUM: -3968.28, c_name: Customer#000000788}
{SUM: 59949.6, c_name: Customer#000000790}
{SUM: 40642.9, c_name: Customer#000000791}
{SUM: 33167.8, c_name: Customer#000000793}
{SUM: 27352, c_name: Customer#000000794}
{SUM: 51684.6, c_name: Customer#000000796}
{SUM: 33694.2, c_name: Customer#000000797}
{SUM: 38475.2, c_name: Customer#000000799}
{SUM: 103877, c_name: Customer#000000800}
{SUM: 26172.9, c_name: Customer#000000802}
{SUM: 60030.9, c_name: Customer#000000803}
{SUM: 14327.3, c_name: Customer#000000805}
{SUM: 102889, c_name: Customer#000000806}
{SUM: 111239, c_name: Customer#000000808}
{SUM: -5942.3, c_name: Customer#000000809}
{SUM: 180200, c_name: Customer#000000811}
{SUM: 20572, c_name: Customer#000000812}
{SUM: 72201.2, c_name: Customer#000000814}
{SUM: 81778.6, c_name: Customer#000000815}
{SUM: 109465, c_name: Customer#000000817}
{SUM: -7467.07, c_name: Customer#000000818}
{SUM: -11671.3, c_name: Customer#000000820}
{SUM: 29605.6, c_name: Customer#000000821}
{SUM: 16253.4, c_name: Customer#000000823}
{SUM: 61562.6, c_name: Customer#000000824}
{SUM: 214515, c_name: Customer#000000826}
{SUM: 54112, c_name: Customer#000000827}
{SUM: 69471.5, c_name: Customer#000000829}
{SUM: 101083, c_name: Customer#000000830}
{SUM: -4835.76, c_name: Customer#000000832}
{SUM: -5787.54, c_name: Customer#000000833}
{SUM: 50563.4, c_name: Customer#000000835}
{SUM: 73477.8, c_name: Customer#000000836}
{SUM: 36932.5, c_name: Customer#000000838}
{SUM: 40946.9, c_name: Customer#000000839}
{SUM: 22105, c_name: Customer#000000841}
{SUM: 69083.9, c_name: Customer#000000842}
{SUM: 62052.9, c_name: Customer#000000844}
{SUM: 55191.1, c_name: Customer#000000845}
{SUM: 57865, c_name: Customer#000000847}
{SUM: 28428, c_name: Customer#000000848}
{SUM: 189414, c_name: Customer#000000850}
{SUM: 9153.84, c_name: Customer#000000851}
{SUM: -10673.5, c_name: Customer#000000853}
{SUM: 37332.5, c_name: Customer#000000854}
{SUM: 118805, c_name: Customer#000000856}
{SUM: 60297.3, c_name: Customer#000000857}
{SUM: 87583.3, c_name: Customer#000000859}
{SUM: 41021.3, c_name: Customer#000000860}
{SUM: 44439.5, c_name: Customer#000000862}
{SUM: 42196.2, c_name: Customer#000000863}
{SUM: 54294.8, c_name: Customer#000000865}
{SUM: 75190.6, c_name: Customer#000000866}
{SUM: 137097, c_name: Customer#000000868}
{SUM: 12280.6, c_name: Customer#000000869}
{SUM: -5938.35, c_name: Customer#000000871}
{SUM: -7727.49, c_name: Customer#000000872}
{SUM: 97051.3, c_name: Customer#000000874}
{SUM: -8543.52, c_name: Customer#000000875}
{SUM: 38617.3, c_name: Customer#000000877}
{SUM: 122941, c_name: Customer#000000878}
{SUM: -1397.34, c_name: Customer#000000880}
{SUM: 29983.9, c_name: Customer#000000881}
{SUM: 10079.2, c_name: Customer#000000883}
{SUM: 17617.6, c_name: Customer#000000884}
{SUM: 23886.6, c_name: Customer#000000886}
{SUM: 77103.6, c_name: Customer#000000887}
{SUM: 65436.3, c_name: Customer#000000889}
{SUM: 29962.9, c_name: Customer#000000890}
{SUM: 86399.6, c_name: Customer#000000892}
{SUM: 107261, c_name: Customer#000000893}
{SUM: 10853.2, c_name: Customer#000000895}
{SUM: 38298.6, c_name: Customer#000000896}
{SUM: 260392, c_name: Customer#000000898}
{SUM: 68844.2, c_name: Customer#000000899}
{SUM: 12198.6, c_name: Customer#000000901}
{SUM: 35150.9, c_name: Customer#000000902}
{SUM: 229508, c_name: Customer#000000904}
{SUM: -6007.3, c_name: Customer#000000905}
{SUM: 74767, c_name: Customer#000000907}
{SUM: 41807.5, c_name: Customer#000000908}
{SUM: 86920.4, c_name: Customer#000000910}
{SUM: 38187.6, c_name: Customer#000000911}
{SUM: 90157.1, c_name: Customer#000000913}
{SUM: 7384.74, c_name: Customer#000000914}
{SUM: 2350.62, c_name: Customer#000000916}
{SUM: 33116.9, c_name: Customer#000000917}
{SUM: 195499, c_name: Customer#000000919}
{SUM: 14858.7, c_name: Customer#000000920}
{SUM: 58038.8, c_name: Customer#000000922}
{SUM: 89546.4, c_name: Customer#000000923}
{SUM: 54302.9, c_name: Customer#000000925}
{SUM: 2745, c_name: Customer#000000926}
{SUM: 166614, c_name: Customer#000000928}
{SUM: 48950.2, c_name: Customer#000000929}
{SUM: 24096.9, c_name: Customer#000000931}
{SUM: 85193.8, c_name: Customer#000000932}
{SUM: -8297.66, c_name: Customer#000000934}
{SUM: 27843.8, c_name: Customer#000000935}
{SUM: 14038.7, c_name: Customer#000000937}
{SUM: 23260.7, c_name: Customer#000000938}
{SUM: 6846.93, c_name: Customer#000000940}
{SUM: 32892, c_name: Customer#000000941}
{SUM: 218690, c_name: Customer#000000943}
{SUM: 85093, c_name: Customer#000000944}
{SUM: 83740.4, c_name: Customer#000000946}
{SUM: 40922.4, c_name: Customer#000000947}
{SUM: 106813, c_name: Customer#000000949}
{SUM: 76878.2, c_name: Customer#000000950}
{SUM: 74202.8, c_name: Customer#000000952}
{SUM: 44044.4, c_name: Customer#000000953}
{SUM: 2766.2, c_name: Customer#000000955}
{SUM: 15871.4, c_name: Customer#000000956}
{SUM: 32249.7, c_name: Customer#000000958}
{SUM: 39193.7, c_name: Customer#000000959}
{SUM: 132310, c_name: Customer#000000961}
{SUM: 98241, c_name: Customer#000000962}
{SUM: 57079, c_name: Customer#000000964}
{SUM: 52456.8, c_name: Customer#000000965}
{SUM: 91366.6, c_name: Customer#000000967}
{SUM: 98141.7, c_name: Customer#000000968}
{SUM: 79719.2, c_name: Customer#000000970}
{SUM: 31319, c_name: Customer#000000971}
{SUM: 58125.2, c_name: Customer#000000973}
{SUM: 46956.6, c_name: Customer#000000974}
{SUM: 202094, c_name: Customer#000000976}
{SUM: 3110, c_name: Customer#000000977}
{SUM: 134047, c_name: Customer#000000979}
{SUM: 36690.6, c_name: Customer#000000980}
{SUM: 21563.2, c_name: Customer#000000982}
{SUM: 26126.6, c_name: Customer#000000983}
{SUM: 37816.9, c_name: Customer#000000985}
{SUM: 3217.14, c_name: Customer#000000986}
{SUM: 147192, c_name: Customer#000000988}
{SUM: 43629.9, c_name: Customer#000000989}
{SUM: 130671, c_name: Customer#000000991}
{SUM: 70388.5, c_name: Customer#000000992}
{SUM: 149225, c_name: Customer#000000994}
{SUM: -2734.32, c_name: Customer#000000995}
{SUM: 4404.36, c_name: Customer#000000997}
{SUM: 80150.4, c_name: Customer#000000998}
{SUM: -20279.1, c_name: Customer#000001000}
{SUM: 99971.3, c_name: Customer#000001001}
{SUM: 142092, c_name: Customer#000001003}
{SUM: 12099.7, c_name: Customer#000001004}
{SUM: 178752, c_name: Customer#000001006}
{SUM: 51435.3, c_name: Customer#000001007}
{SUM: 11295.5, c_name: Customer#000001009}
{SUM: 16527.8, c_name: Customer#000001010}
{SUM: 75181.6, c_name: Customer#000001012}
{SUM: -12369.9, c_name: Customer#000001013}
{SUM: 102272, c_name: Customer#000001015}
{SUM: 25932.9, c_name: Customer#000001016}
{SUM: 116784, c_name: Customer#000001018}
{SUM: 29603.4, c_name: Customer#000001019}
{SUM: 27022, c_name: Customer#000001021}
{SUM: 57635, c_name: Customer#000001022}
{SUM: -6376.35, c_name: Customer#000001024}
{SUM: 30271.1, c_name: Customer#000001025}
{SUM: 98924.2, c_name: Customer#000001027}
{SUM: 24901.9, c_name: Customer#000001028}
{SUM: 120826, c_name: Customer#000001030}
{SUM: 17814.4, c_name: Customer#000001031}
{SUM: 1378.02, c_name: Customer#000001033}
{SUM: 44098.9, c_name: Customer#000001034}
{SUM: 42389.5, c_name: Customer#000001036}
{SUM: 54298.8, c_name: Customer#000001037}
{SUM: 121897, c_name: Customer#000001039}
{SUM: 34328.5, c_name: Customer#000001040}
{SUM: 196997, c_name: Customer#000001042}
{SUM: 64325.4, c_name: Customer#000001043}
{SUM: 58843.8, c_name: Customer#000001045}
{SUM: 18488, c_name: Customer#000001046}
{SUM: 43926.5, c_name: Customer#000001048}
{SUM: 96227.9, c_name: Customer#000001049}
{SUM: 205304, c_name: Customer#000001051}
{SUM: 31217.6, c_name: Customer#000001052}
{SUM: 114976, c_name: Customer#000001054}
{SUM: 6399.3, c_name: Customer#000001055}
{SUM: -5656.65, c_name: Customer#000001057}
{SUM: 68075.5, c_name: Customer#000001058}
{SUM: 42608.8, c_name: Customer#000001060}
{SUM: -3364.01, c_name: Customer#000001061}
{SUM: 28275.8, c_name: Customer#000001063}
{SUM: 14994.6, c_name: Customer#000001064}
{SUM: 16144.6, c_name: Customer#000001066}
{SUM: 109846, c_name: Customer#000001067}
{SUM: 109306, c_name: Customer#000001069}
{SUM: 28442.1, c_name: Customer#000001070}
{SUM: 183528, c_name: Customer#000001072}
{SUM: 115041, c_name: Customer#000001073}
{SUM: 54290, c_name: Customer#000001075}
{SUM: 31584.1, c_name: Customer#000001076}
{SUM: 2127.9, c_name: Customer#000001078}
{SUM: 25630.9, c_name: Customer#000001079}
{SUM: 172948, c_name: Customer#000001081}
{SUM: 32479.2, c_name: Customer#000001082}
{SUM: 26918.2, c_name: Customer#000001084}
{SUM: 89690, c_name: Customer#000001085}
{SUM: 94051.4, c_name: Customer#000001087}
{SUM: 14690.3, c_name: Customer#000001088}
{SUM: 119886, c_name: Customer#000001090}
{SUM: -1421.06, c_name: Customer#000001091}
{SUM: -6575.04, c_name: Customer#000001093}
{SUM: 30533.9, c_name: Customer#000001094}
{SUM: 51623.2, c_name: Customer#000001096}
{SUM: 77866.8, c_name: Customer#000001097}
{SUM: 161821, c_name: Customer#000001099}
{SUM: 64328.2, c_name: Customer#000001100}
{SUM: 61594.3, c_name: Customer#000001102}
{SUM: 73171.5, c_name: Customer#000001103}
{SUM: 180338, c_name: Customer#000001105}
{SUM: 109754, c_name: Customer#000001106}
{SUM: 59968.2, c_name: Customer#000001108}
{SUM: 30485, c_name: Customer#000001109}
{SUM: 60736.4, c_name: Customer#000001111}
{SUM: 74516.7, c_name: Customer#000001112}
{SUM: 109596, c_name: Customer#000001114}
{SUM: -1785.2, c_name: Customer#000001115}
{SUM: 67897.7, c_name: Customer#000001117}
{SUM: 66082.9, c_name: Customer#000001118}
{SUM: 30872.8, c_name: Customer#000001120}
{SUM: 43363.2, c_name: Customer#000001121}
{SUM: 254445, c_name: Customer#000001123}
{SUM: 55127.3, c_name: Customer#000001124}
{SUM: 89837.3, c_name: Customer#000001126}
{SUM: 69050.8, c_name: Customer#000001127}
{SUM: 132440, c_name: Customer#000001129}
{SUM: 76154.9, c_name: Customer#000001130}
{SUM: 114129, c_name: Customer#000001132}
{SUM: 48018.2, c_name: Customer#000001133}
{SUM: 70420.9, c_name: Customer#000001135}
{SUM: -10852.3, c_name: Customer#000001136}
{SUM: 138815, c_name: Customer#000001138}
{SUM: 18419.3, c_name: Customer#000001139}
{SUM: 25.22, c_name: Customer#000001141}
{SUM: 39277, c_name: Customer#000001142}
{SUM: 108915, c_name: Customer#000001144}
{SUM: 25994, c_name: Customer#000001145}
{SUM: 201101, c_name: Customer#000001147}
{SUM: 49908.9, c_name: Customer#000001148}
{SUM: -3284.68, c_name: Customer#000001150}
{SUM: 50839.1, c_name: Customer#000001151}
{SUM: 124881, c_name: Customer#000001153}
{SUM: 11987.7, c_name: Customer#000001154}
{SUM: 43192.1, c_name: Customer#000001156}
{SUM: 60130.9, c_name: Customer#000001157}
{SUM: 94413.8, c_name: Customer#000001159}
{SUM: 64691.1, c_name: Customer#000001160}
{SUM: 75353, c_name: Customer#000001162}
{SUM: 1353.3, c_name: Customer#000001163}
{SUM: 89950.6, c_name: Customer#000001165}
{SUM: 3550.82, c_name: Customer#000001166}
{SUM: 136282, c_name: Customer#000001168}
{SUM: 105046, c_name: Customer#000001169}
{SUM: 114885, c_name: Customer#000001171}
{SUM: 4209.7, c_name: Customer#000001172}
{SUM: 114386, c_name: Customer#000001174}
{SUM: 110486, c_name: Customer#000001175}
{SUM: 250606, c_name: Customer#000001177}
{SUM: 49665.8, c_name: Customer#000001178}
{SUM: 57245.1, c_name: Customer#000001180}
{SUM: 73444, c_name: Customer#000001181}
{SUM: 75747.9, c_name: Customer#000001183}
{SUM: 81296, c_name: Customer#000001184}
{SUM: 89326, c_name: Customer#000001186}
{SUM: -10262.6, c_name: Customer#000001187}
{SUM: 72167.3, c_name: Customer#000001189}
{SUM: 21949, c_name: Customer#000001190}
{SUM: 87245.9, c_name: Customer#000001192}
{SUM: -153.9, c_name: Customer#000001193}
{SUM: 134701, c_name: Customer#000001195}
{SUM: 57408, c_name: Customer#000001196}
{SUM: 191867, c_name: Customer#000001198}
{SUM: 78040.2, c_name: Customer#000001199}
{SUM: 92977, c_name: Customer#000001201}
{SUM: 14054.6, c_name: Customer#000001202}
{SUM: 127103, c_name: Customer#000001204}
{SUM: 48513.1, c_name: Customer#000001205}
{SUM: -10008.9, c_name: Customer#000001207}
{SUM: 21838.7, c_name: Customer#000001208}
{SUM: 170891, c_name: Customer#000001210}
{SUM: 66127.2, c_name: Customer#000001211}
{SUM: 256654, c_name: Customer#000001213}
{SUM: 20547.2, c_name: Customer#000001214}
{SUM: 38791.1, c_name: Customer#000001216}
{SUM: 90289.8, c_name: Customer#000001217}
{SUM: 17033.1, c_name: Customer#000001219}
{SUM: 92722.6, c_name: Customer#000001220}
{SUM: 89313.1, c_name: Customer#000001222}
{SUM: -4956.36, c_name: Customer#000001223}
{SUM: 198603, c_name: Customer#000001225}
{SUM: 14951.4, c_name: Customer#000001226}
{SUM: 97061.4, c_name: Customer#000001228}
{SUM: 116594, c_name: Customer#000001229}
{SUM: 53513.6, c_name: Customer#000001231}
{SUM: 59377.6, c_name: Customer#000001232}
{SUM: -19646.4, c_name: Customer#000001234}
{SUM: -5892.3, c_name: Customer#000001235}
{SUM: 130506, c_name: Customer#000001237}
{SUM: 25795.3, c_name: Customer#000001238}
{SUM: 87031, c_name: Customer#000001240}
{SUM: 60581.9, c_name: Customer#000001241}
{SUM: 137970, c_name: Customer#000001243}
{SUM: -11313.6, c_name: Customer#000001244}
{SUM: 7039.17, c_name: Customer#000001246}
{SUM: 22060.4, c_name: Customer#000001247}
{SUM: 11660.7, c_name: Customer#000001249}
{SUM: 6240.4, c_name: Customer#000001250}
{SUM: 55757.3, c_name: Customer#000001252}
{SUM: 13444.3, c_name: Customer#000001253}
{SUM: 168680, c_name: Customer#000001255}
{SUM: 30072.4, c_name: Customer#000001256}
{SUM: -7242, c_name: Customer#000001258}
{SUM: 83530, c_name: Customer#000001259}
{SUM: 133915, c_name: Customer#000001261}
{SUM: 17042.2, c_name: Customer#000001262}
{SUM: 63348.5, c_name: Customer#000001264}
{SUM: 21228.2, c_name: Customer#000001265}
{SUM: 180939, c_name: Customer#000001267}
{SUM: 41219.4, c_name: Customer#000001268}
{SUM: 117231, c_name: Customer#000001270}
{SUM: 14512.4, c_name: Customer#000001271}
{SUM: 20993.8, c_name: Customer#000001273}
{SUM: 1396.67, c_name: Customer#000001274}
{SUM: -19804.2, c_name: Customer#000001276}
{SUM: -628.2, c_name: Customer#000001277}
{SUM: 166216, c_name: Customer#000001279}
{SUM: 17098.3, c_name: Customer#000001280}
{SUM: 287962, c_name: Customer#000001282}
{SUM: 20004.4, c_name: Customer#000001283}
{SUM: 39800.5, c_name: Customer#000001285}
{SUM: 41436.5, c_name: Customer#000001286}
{SUM: 165086, c_name: Customer#000001288}
{SUM: 20478.6, c_name: Customer#000001289}
{SUM: 172775, c_name: Customer#000001291}
{SUM: 44072.9, c_name: Customer#000001292}
{SUM: -20203.2, c_name: Customer#000001294}
{SUM: 9797.06, c_name: Customer#000001295}
{SUM: 85036.1, c_name: Customer#000001297}
{SUM: 31228.3, c_name: Customer#000001298}
{SUM: -8149.68, c_name: Customer#000001300}
{SUM: 71733, c_name: Customer#000001301}
{SUM: 50503.8, c_name: Customer#000001303}
{SUM: 40936.1, c_name: Customer#000001304}
{SUM: 116366, c_name: Customer#000001306}
{SUM: 47789.7, c_name: Customer#000001307}
{SUM: -20299.2, c_name: Customer#000001309}
{SUM: 1433.88, c_name: Customer#000001310}
{SUM: 198650, c_name: Customer#000001312}
{SUM: 12447.5, c_name: Customer#000001313}
{SUM: 27509, c_name: Customer#000001315}
{SUM: -1425.51, c_name: Customer#000001316}
{SUM: 168575, c_name: Customer#000001318}
{SUM: 63836.2, c_name: Customer#000001319}
{SUM: 75379.3, c_name: Customer#000001321}
{SUM: 20973.7, c_name: Customer#000001322}
{SUM: 181173, c_name: Customer#000001324}
{SUM: 91086.1, c_name: Customer#000001325}
{SUM: 13.58, c_name: Customer#000001327}
{SUM: 19589.9, c_name: Customer#000001328}
{SUM: 77862.8, c_name: Customer#000001330}
{SUM: 22055.2, c_name: Customer#000001331}
{SUM: 27947.8, c_name: Customer#000001333}
{SUM: 27342.8, c_name: Customer#000001334}
{SUM: 25333.6, c_name: Customer#000001336}
{SUM: 86706.8, c_name: Customer#000001337}
{SUM: 138848, c_name: Customer#000001339}
{SUM: 2802.9, c_name: Customer#000001340}
{SUM: 30406.8, c_name: Customer#000001342}
{SUM: 99637.1, c_name: Customer#000001343}
{SUM: 214846, c_name: Customer#000001345}
{SUM: 40720, c_name: Customer#000001346}
{SUM: 12398.9, c_name: Customer#000001348}
{SUM: 79475.8, c_name: Customer#000001349}
{SUM: 65226, c_name: Customer#000001351}
{SUM: 44565.5, c_name: Customer#000001352}
{SUM: -14352.6, c_name: Customer#000001354}
{SUM: 25862.1, c_name: Customer#000001355}
{SUM: 129418, c_name: Customer#000001357}
{SUM: 56641.5, c_name: Customer#000001358}
{SUM: 38409.4, c_name: Customer#000001360}
{SUM: 53675.2, c_name: Customer#000001361}
{SUM: -1349.52, c_name: Customer#000001363}
{SUM: -1090.14, c_name: Customer#000001364}
{SUM: 37598.1, c_name: Customer#000001366}
{SUM: 59623.5, c_name: Customer#000001367}
{SUM: 11471.7, c_name: Customer#000001369}
{SUM: 78416.3, c_name: Customer#000001370}
{SUM: 39514, c_name: Customer#000001372}
{SUM: 8188.56, c_name: Customer#000001373}
{SUM: 20111.1, c_name: Customer#000001375}
{SUM: 128469, c_name: Customer#000001376}
{SUM: 40136, c_name: Customer#000001378}
{SUM: 13107.4, c_name: Customer#000001379}
{SUM: 7356.4, c_name: Customer#000001381}
{SUM: 53392, c_name: Customer#000001382}
{SUM: 33756.4, c_name: Customer#000001384}
{SUM: 25594.2, c_name: Customer#000001385}
{SUM: 170837, c_name: Customer#000001387}
{SUM: 2622.96, c_name: Customer#000001388}
{SUM: 51107, c_name: Customer#000001390}
{SUM: 66123.4, c_name: Customer#000001391}
{SUM: 79408.7, c_name: Customer#000001393}
{SUM: 31263.4, c_name: Customer#000001394}
{SUM: 200184, c_name: Customer#000001396}
{SUM: 60135.1, c_name: Customer#000001397}
{SUM: 176451, c_name: Customer#000001399}
{SUM: 29192.8, c_name: Customer#000001400}
{SUM: 92321.2, c_name: Customer#000001402}
{SUM: 117388, c_name: Customer#000001403}
{SUM: 67785.6, c_name: Customer#000001405}
{SUM: 24283.1, c_name: Customer#000001406}
{SUM: 124322, c_name: Customer#000001408}
{SUM: 15673.4, c_name: Customer#000001409}
{SUM: 16214.9, c_name: Customer#000001411}
{SUM: 114631, c_name: Customer#000001412}
{SUM: 56450.7, c_name: Customer#000001414}
{SUM: 100034, c_name: Customer#000001415}
{SUM: 105602, c_name: Customer#000001417}
{SUM: 84231.1, c_name: Customer#000001418}
{SUM: -20506, c_name: Customer#000001420}
{SUM: 65636.4, c_name: Customer#000001421}
{SUM: 31352, c_name: Customer#000001423}
{SUM: 79284.7, c_name: Customer#000001424}
{SUM: 41273, c_name: Customer#000001426}
{SUM: 130184, c_name: Customer#000001427}
{SUM: 103117, c_name: Customer#000001429}
{SUM: -12885.6, c_name: Customer#000001430}
{SUM: 82085.2, c_name: Customer#000001432}
{SUM: 50664.6, c_name: Customer#000001433}
{SUM: -13852.7, c_name: Customer#000001435}
{SUM: 119066, c_name: Customer#000001436}
{SUM: 97862.6, c_name: Customer#000001438}
{SUM: 76388.4, c_name: Customer#000001439}
{SUM: 198768, c_name: Customer#000001441}
{SUM: 110851, c_name: Customer#000001442}
{SUM: -9526.03, c_name: Customer#000001444}
{SUM: 108783, c_name: Customer#000001445}
{SUM: 54360.4, c_name: Customer#000001447}
{SUM: 54294.4, c_name: Customer#000001448}
{SUM: 12865.5, c_name: Customer#000001450}
{SUM: 29468.7, c_name: Customer#000001451}
{SUM: 13916.1, c_name: Customer#000001453}
{SUM: 26932.9, c_name: Customer#000001454}
{SUM: 159216, c_name: Customer#000001456}
{SUM: 40228.9, c_name: Customer#000001457}
{SUM: 194688, c_name: Customer#000001459}
{SUM: 116166, c_name: Customer#000001460}
{SUM: 189953, c_name: Customer#000001462}
{SUM: 66436, c_name: Customer#000001463}
{SUM: 187319, c_name: Customer#000001465}
{SUM: 10149.5, c_name: Customer#000001466}
{SUM: 84183.4, c_name: Customer#000001468}
{SUM: 60619.7, c_name: Customer#000001469}
{SUM: 92948.6, c_name: Customer#000001471}
{SUM: 15180.3, c_name: Customer#000001472}
{SUM: 53312.2, c_name: Customer#000001474}
{SUM: 21843.4, c_name: Customer#000001475}
{SUM: 182067, c_name: Customer#000001477}
{SUM: 97015.4, c_name: Customer#000001478}
{SUM: 21024.5, c_name: Customer#000001480}
{SUM: 28842, c_name: Customer#000001481}
{SUM: 101423, c_name: Customer#000001483}
{SUM: 48831.7, c_name: Customer#000001484}
{SUM: 146499, c_name: Customer#000001486}
{SUM: 14356.6, c_name: Customer#000001487}
{SUM: 127300, c_name: Customer#000001489}
{SUM: 71980.8, c_name: Customer#000001490}
{SUM: -19253.7, c_name: Customer#000001492}
{SUM: 49098.8, c_name: Customer#000001493}
{SUM: 124551, c_name: Customer#000001495}
{SUM: -4468.41, c_name: Customer#000001496}
{SUM: 116211, c_name: Customer#000001498}
{SUM: 191702, c_name: Customer#000001499}
6: syntax error at 
Error: Query is not correct!
