OK!

OK!
QUERY EXECUTION TREE(
OUTPUT
Schema: (c_address:STRING [150000])
Out File: output.txt
Producer:
{
DISTINCT 
Schema: (c_address:STRING [150000])
Producer: PROJECT: 
Schema In: (r_regionkey:INTEGER [5], r_name:STRING [5], r_comment:STRING [5], n_nationkey:INTEGER [25], n_name:STRING [25], n_regionkey:INTEGER [5], n_comment:STRING [25], c_custkey:INTEGER [150000], c_name:STRING [150000], c_address:STRING [150000], c_nationkey:INTEGER [25], c_phone:STRING [150000], c_acctbal:FLOAT [140187], c_mktsegment:STRING [5], c_comment:STRING [149968])
Schema Out: (c_address:STRING [150000])
# Attributes Input: 15
# Attributes Output: 1
Keep: 9 
Producer: JOIN
Left Schema:
(r_regionkey:INTEGER [5], r_name:STRING [5], r_comment:STRING [5], n_nationkey:INTEGER [25], n_name:STRING [25], n_regionkey:INTEGER [5], n_comment:STRING [25])
Right Schema:
(c_custkey:INTEGER [150000], c_name:STRING [150000], c_address:STRING [150000], c_nationkey:INTEGER [25], c_phone:STRING [150000], c_acctbal:FLOAT [140187], c_mktsegment:STRING [5], c_comment:STRING [149968])
Schema Out:
(r_regionkey:INTEGER [5], r_name:STRING [5], r_comment:STRING [5], n_nationkey:INTEGER [25], n_name:STRING [25], n_regionkey:INTEGER [5], n_comment:STRING [25], c_custkey:INTEGER [150000], c_name:STRING [150000], c_address:STRING [150000], c_nationkey:INTEGER [25], c_phone:STRING [150000], c_acctbal:FLOAT [140187], c_mktsegment:STRING [5], c_comment:STRING [149968])
Predicate:
(Right[3] = Left[3] (Integer))
Left Operator:
{
JOIN
Left Schema:
(r_regionkey:INTEGER [5], r_name:STRING [5], r_comment:STRING [5])
Right Schema:
(n_nationkey:INTEGER [25], n_name:STRING [25], n_regionkey:INTEGER [5], n_comment:STRING [25])
Schema Out:
(r_regionkey:INTEGER [5], r_name:STRING [5], r_comment:STRING [5], n_nationkey:INTEGER [25], n_name:STRING [25], n_regionkey:INTEGER [5], n_comment:STRING [25])
Predicate:
(Right[2] = Left[0] (Integer))
Left Operator:
{
SELECT
Schema: (r_regionkey:INTEGER [5], r_name:STRING [5], r_comment:STRING [5])
Predicate: (Left[1] = Const (String))
Producer: SCAN
Schema:(r_regionkey:INTEGER [5], r_name:STRING [5], r_comment:STRING [5])


}
Right Operator:
{
SCAN
Schema:(n_nationkey:INTEGER [25], n_name:STRING [25], n_regionkey:INTEGER [5], n_comment:STRING [25])

}

}
Right Operator:
{
SCAN
Schema:(c_custkey:INTEGER [150000], c_name:STRING [150000], c_address:STRING [150000], c_nationkey:INTEGER [25], c_phone:STRING [150000], c_acctbal:FLOAT [140187], c_mktsegment:STRING [5], c_comment:STRING [149968])

}



}

)
{c_address:  3b8K2YhfbGDJOpSAUrvq82MnkhHBdwL}
{c_address:  D8e2U3gYd57H4grcOr,02}
{c_address:  Eayx9GAqjJEwrGy1Er5 ffNtLL}
{c_address:  LErnJFeOuDeMgvVzPKHS}
{c_address:  SltK1IMp2Xvwb,A0x3Co1uhcwr}
{c_address: ,Cris88wkHw4Q0XlCLLYVOAJfkxw}
{c_address: ,e0q82drO rgVHXHrJRQ0GDrRoUOl}
{c_address: ,oAq2L60hjb8}
{c_address: 04xjB,zuffnhVyEY0 PeiJPtdjh 0ji}
{c_address: 0RkDX6OLU1hISYCLmdLD C}
{c_address: 0UU iPhBupFvemNB}
{c_address: 0Zo0P6m,sie 1,VXacPX2ccDIyWFolj6R}
{c_address: 0eGzsjpDFsN0}
{c_address: 1hqwYdlDhaqnkRrovbulo0rrDhJZgUz}
{c_address: 205r3Xg9ZWjPZNX1z}
{c_address: 2ETOoQWtvxqp}
{c_address: 2Ge 0Nk29FlBs1GuBiY84sLvn38mEkAKnM}
{c_address: 2cTZiS4ulZ74edT,RmDnh4ZaCrphMMh Ff2}
{c_address: 2fTQpX7N2kp31U}
{c_address: 300zKNJ9lg}
{c_address: 3AmBFWaqOYt7F}
{c_address: 3SLzAiW4PihnFUE243 AHKkwtL1PCj}
{c_address: 3SdWi3lKPXk00UYT,hL}
{c_address: 3ShFbt9dTbLOG4lUBvc1AZp0Tam0BNjYS qwTZ}
{c_address: 3deBblz2syRv8yMf0yAVKkE4mDH20uDRj4tJVHUm}
{c_address: 4NwsvFQU T4mSgzvU1Rx2ZtHOGyaNyhe}
{c_address: 4PxJqZUIML EhegD7RXkLY8}
{c_address: 4eyqk2zpg4m V JGEtgwNmCq3c}
{c_address: 4tCJvf30WagGfacqcAqmfCptu2cbMVcj2M7Y0W}
{c_address: 4tUf4SaYTFV2H7ji}
{c_address: 4zaoUzuWUTNFiNPbmu43}
{c_address: 58Srs6gEEoD3ZfwgXDM1OayRiaSY6K9YsveWwV}
{c_address: 5QmxmYubNhn6HAgLwTvphevM3OmpZTGsM}
{c_address: 5kOAfK9s6goOZabgSzNLgD,CILowRxqC2OLnV}
{c_address: 5kSJ3qMS,7YKdfmwBFzQN4y8EgPiH,8ln19}
{c_address: 5uyLAeY7HIGZqtu66Yn08f}
{c_address: 5y7m8Ts4kDf}
{c_address: 681r22uL452zqk 8By7I9o9enQfx0}
{c_address: 6JeLWEtDERPB,0KzWB,I6Xs8rJXAC8ryFulW5NPC}
{c_address: 6LrEaV6KR6PLVcgl2ArL Q3rqzLzcT1 v2}
{c_address: 6m8KP FxT4nnHgoc4CN70TVLW1X5Q}
{c_address: 72XUL0qb4,NLmfyrtzyJlR0eP}
{c_address: 74dBRGOKLFEQEqCgH2x8WGL9tubtgJAbHu}
{c_address: 8CaksGsCJOK3oUm1kUsQ}
{c_address: 8Gn WOTY4cgGaoHwezrZ,JN,Px8e sr}
{c_address: 8IhIxreu4Ug6tt5mog4}
{c_address: 8OiPHefIPoalRjUoCIwbXz}
{c_address: 8gman6hzpuKUsX7mKU9katXpP1ia}
{c_address: 8pc6kwBmwBdEnfVP53aqL9DM4LymC4}
{c_address: 8r5wwhhlL9MkAxOhRK}
{c_address: 8u1rnDOcvU109}
{c_address: 9,BVYegfkFLsEMDkeVW}
{c_address: 95XSwEZD22AZln3RB}
{c_address: 9A1LTDf0KbR}
{c_address: 9O4fhgteQdyFvCkrFm}
{c_address: 9ST2x,snyY3s}
{c_address: 9T 2avhfyF PQ}
{c_address: 9Yh cGpbCbrXZytNfH,dAEwX}
{c_address: 9hif3yif6z8w8pW88F755PU7uz}
{c_address: 9lxNEW0Rei4DFaT4vX,T551AwBzrZoOXsRNOm}
{c_address: 9pTq4gggfKoSqQetn0yJR}
{c_address: 9pu j2HoEf1uhiY3jxE9l9fCRfjoVU}
{c_address: AVjlczwVwL CT jO3sgWn}
{c_address: Ay52vCrTXsSmp7TmQ1kujvuItfLGx}
{c_address: BuouRkR7J f}
{c_address: BxDlz44b56kXjsTpl}
{c_address: CR bzmYYVP}
{c_address: Cilvb3k8ghDX4}
{c_address: D3TLK5s,gc}
{c_address: DXEgz7JHSFW401}
{c_address: Dbv,XVGzl4X}
{c_address: DeZPec2K1U1fCBR2Ul9mnBNjKuXPcRcm}
{c_address: E4MeTLnSTIOlWkLDwmG7QPf 9Dq}
{c_address: EU0xvmWvOmUUn5J,2z85DQyG7QCJ9Xq7}
{c_address: Eh2e8gLyStrLE7A}
{c_address: EluRTlO4pE7u0XSKKyvKvVyt4sADWFRLZuiyn}
{c_address: Elvb2a3FinAzxw }
{c_address: EmACeG3r2Y9bxf7KLLgX,ZdQlATjGaafINO}
{c_address: F  z jplpUKWz1Hn7p3ez2qTsiIh}
{c_address: F2YYbRT2EV}
{c_address: F8WBznjtO2bX2knXl4ghnsp ixWylkf}
{c_address: FBVbCpEVaFaP8KogqQO2VuXeVx}
{c_address: FD6UNqfsYMKkf3ZFZdI4EaYMZ}
{c_address: FIis0dJhR5DwVCLy}
{c_address: FOuY,endAFj}
{c_address: FT4jTOdVCpmYW}
{c_address: FTfWkW1 8jVgOIIR9sMm2HpohiuR1v2278}
{c_address: FfA0o cMP02Ylzxtmbq8DCOq}
{c_address: Fn5qqb64TSKuJWz4f8GpPkF,c3WY3yqjsV,GgHu}
{c_address: G dRBjxmBBug1 xRSa6VwRchFDtU5b}
{c_address: G vBMGVmIOHl7tc4HeNMiMkKY}
{c_address: GLZCUQrtiNTrPKdK 0O86ZF}
{c_address: GPoeEvpKo1}
{c_address: GvlCZ4fJYbHTOTYczE1iH2k6K9edUyNxWZsl6x}
{c_address: HGEouzCcFrNd nBAdsCRjsMxKOvYZdbwA7he5w9v}
{c_address: HKR1zog fXW}
{c_address: HnaxHzTfFTZs8MuCpJyTbZ47Cm4wFOOgib}
{c_address: HuoOuJLxx7S8YDQhexfmIX}
{c_address: I3DrbiKwP3dxs1jF0iDwXh}
{c_address: IVhzIApeRb ot,c,E}
{c_address: Ifjxbt3Y4mGu}
{c_address: IgUSuulguDJ5}
{c_address: Ip,OhnmOeHu9PezZBvw7AHJcBDOWVoVUJKsJyA}
{c_address: J7kLF9iPOQA 7CVwAmQRpwfZPDJ2q5Seu2Vj1gh}
{c_address: JJMbj6myLUzMlbUmg63hNtFv4pWL8nq}
{c_address: Jv7vcm,oE,HEyxekXKia1V5H1up23}
{c_address: JwzW9OtxFRXDnVo5hXl8 2A5VxH12}
{c_address: K,vtXp8qYB }
{c_address: KB83CaaM8DRjvAmEMg1fw}
{c_address: KDZMMuMVSWQPkGpoTUE0G 1vXHd3mS4c,A,kFR}
{c_address: KdmXav1IIIo}
{c_address: KmET9DxfPVs15pIUUWQ}
{c_address: KmMC1nd5iOXTRlhzMu13Wtx}
{c_address: LJ3J3i0BlPLrhKi6VabXxNrtpLAGH}
{c_address: LbFHoDpNUSu3AyDS7KLgjoQBJV}
{c_address: Lv7cG by4Wyd8Hzmumwp8hSIZg9}
{c_address: M uLSFG6IrQkKQxrH5vCbPjglIpB3JC}
{c_address: M,lWVafqdRIO, WnAyLLt}
{c_address: MDaJr8ekGTS79bS7CH8f1WgWPU}
{c_address: MarfB1lCCs2MZ8CWdWqCfb}
{c_address: Nt6FUuDR7v}
{c_address: OAnZOqr6A,,77WC001ck8BAqvJTW6,dRGoRdX}
{c_address: OB JBXz5fghXsYEaClW8PZpDmxMVZct}
{c_address: OEJ7AElvHgEtDpjcrXgLK}
{c_address: OOOkYBgCMzgMQXUmkocoLb56rfrdWp2NE2c}
{c_address: Oi,dOSPwDu4jo4x,,P85E0dmhZGvNtBwi}
{c_address: OoVPZGR5hUp8oo}
{c_address: OrOUBBV7NlzVFXtuSOECmQFOkw8r}
{c_address: P1eCXsPWkv2y6ENQv}
{c_address: P2JDHFVxjU}
{c_address: PCmw0r6KkLjXZsljablJ}
{c_address: PDeE61VY2Q96efuewIZ}
{c_address: PVdTfF7cfPueJS0MBncE5v4bKfPV64Zg}
{c_address: PgCAYL2LEwE7v7Pk4dYpRe Nn7MN8wVzYbA2qtj}
{c_address: PnC4Xlds,v}
{c_address: PtJQn0IjYtShb1f2uYTYBnnmUeGNiwcALU}
{c_address: PtwoF3jNQ9r6 GbPIelt GvbNBuDH}
{c_address: Q6G9wZ6dnczmtOx509xgE,M2KV}
{c_address: QNc2eOlRIzL6jpthwgDuB866uCIUPiOX}
{c_address: QlA0Fc 6e,r67ugESzq}
{c_address: QxCzH7VxxYUWwfL7}
{c_address: Rau3ADOLCNXM42D6fjQTFuueQce2BHw9r}
{c_address: S1bDHNFkDEi,Gbsc3}
{c_address: S1sh9gyFn21m4zkb4J95GD5}
{c_address: S7fmHdkot3JAv}
{c_address: SRYjG5Wgp8ZG8GyDFhRIR5ep8yNs3nrCmYa}
{c_address: SceikyyffYL5OUI8rFnAgrT5E}
{c_address: TFCCMlSEyrItYvEZy068NhrUxJz}
{c_address: TbUHVhkttz}
{c_address: ThR9miOedPuwVEZyz 3MMjHPwB}
{c_address: Tu1ZBNgiSEL9Ns}
{c_address: U23zy17EPxqmJn7neVc}
{c_address: UC6I32JjBU62t4WgDe e2pDYbuM3VAt4MPM}
{c_address: UPkONG9dy4VYyGNJGHG}
{c_address: UQ67hfDJlxgX68hiFPmDuHav12Vx}
{c_address: US6EGGHXbTTXPL9SBsxQJsuvy}
{c_address: Ug e2IBbl,LJuqjNz5XeQV}
{c_address: V0SPv2VbrNo7Pj}
{c_address: VSIEruiMdDvjDaTQxkuK60Yw3AGxO}
{c_address: Vbi1NGfPeKw,XU}
{c_address: VmFhpV9 aIqPysMHRIWZl}
{c_address: WrRUR0ds6iypmopww9y9t0NJBRbke78qJm}
{c_address: X4U7LH4YtDzephie}
{c_address: XU2ffxnW3TQasrfF0u2KwKWmMarPyY4q7Q}
{c_address: XWfNRnO2S5KAW0VodNwaBDixCEtv nKzt2LVFiwm}
{c_address: XkVT4jvetY4JV76IAkd91sSp9CqsICE}
{c_address: YdJEbNygDU6DrgWXQY6orasq}
{c_address: YkaXu3o1X8}
{c_address: YsOnaaER8MkvK5cpf4VSlq}
{c_address: Z I43vl3ta3iYmjXNaSM d6Pe24ibjhdvPSi}
{c_address: Z6ke6Y9J2pYuPBp7jE}
{c_address: ZD4fphyxb5pyE}
{c_address: ZDk4Suvi8gMp2LLAOW6nFA 3u}
{c_address: Zwg64UZ,q7GRqo3zm7P1tZIRshBDz}
{c_address: a nIm5Bk7 RMqMZ6}
{c_address: a6M1wdC44LW}
{c_address: a73SSq2cip7C8nSzdmmscpZyLCZ7KL}
{c_address: aWuLgbu,8HZMbkI}
{c_address: aohNRUjsMbBNE1Ax}
{c_address: b06rg6Cl5W}
{c_address: b7ytiiX7E9}
{c_address: bSLtrtrAaAky9GZuKhlQqp8BB}
{c_address: bUTLW1KIHzzQkuOEwUMwEGCQfTQM7aBmUM0}
{c_address: bdGkzA5duas6LZ1ywB96K6Av3x 99q95h}
{c_address: c5UAVe71MPvmerPafNlpvTBWCewT}
{c_address: cLAyTJcfD3T4hKW52lIU9yk}
{c_address: cdW91p92rlAEHgJafqYyxf1Q}
{c_address: chm8jY6TfQ8CEnsvpuL6azNZzkqGcZcO8}
{c_address: cq9NmtIT4b6JB8L79iLzljlHs4 3}
{c_address: d1Tyzg,0ArKPuBln8CDH, 1Xsukm2nXVl}
{c_address: dF80enl1y5MfccEMqYz0JSY}
{c_address: dQA12NEPQK1A5mvD}
{c_address: db1bPFF xUkJYzvE3cBtqYeDn2 u}
{c_address: droXvSIcNEElsEYS}
{c_address: dtR, y9JQWUO6FoJExyp8whOU}
{c_address: e OSrreG6sx7l1t3wAg8u11DWk D 9}
{c_address: e53JADEeGvM1ikhN7aa}
{c_address: eApaa5hW3Mqp11ZuOP}
{c_address: el7 bYzj1USp6T5i3KpfZ43jKegbdO,Jd69}
{c_address: eu 5FA1WHs9jq0pcdlVVA}
{c_address: evcGXqbosO6,qhx}
{c_address: f7 he8eByBFy6z7vcOajC1gaUKqmRN}
{c_address: fR1Cq8d6m,zJwS3FFrOBV7u}
{c_address: fkrzLacsqCnwUwgjjttKmY}
{c_address: flSR,SlEXwxrDcm3uedfK1Oiq,c9mZI}
{c_address: fm8t3X05Wm,PQxPSPHZy,rHI,wUBLTFO5S }
{c_address: fmmKD8aBlF9bFndkYf402cHVrUj8FhGZtHeL}
{c_address: g,qSvyYkgjDcCL cxx5qy8hAwhomRq9cYJRvXZ6}
{c_address: g1xS4snd0fzl4R,JmPHfEzRD}
{c_address: gZkxQY2Aa3o D6f1O 7nsPdg6BJ3}
{c_address: gvbZNJ4UVBAo5yOZ2UOWcvV9TeTj}
{c_address: hUCH2juGwk4OtThyY8p35Hi0,IfOGA}
{c_address: hZPNQ8a9QRM ,SYdTdoW9hw}
{c_address: hoByQV2JchlIWfzPFW8I0nCI}
{c_address: holp1DkjYzznatSwjG}
{c_address: hzg,409pj0}
{c_address: i9khsGcg17kWI4q5LKTcc8U3aFojf403}
{c_address: iBvmxOZV3qXMYQW3W4Oo7YFhdV}
{c_address: iHXzQgienOQ}
{c_address: iSWxETEMKe5cF}
{c_address: jD2xZzi UmId,DCtNBLXKj9q0Tlp2iQ6ZcO3J}
{c_address: jDJt0Wfk0,Wcx5HOI5itS XqUJmMpjzJ}
{c_address: jebKvptmHtS9,YE1qOjl2AOw38P,8skngJZh}
{c_address: k5rfeOtchP1  w}
{c_address: kZBtY,LQAFu4iaSagjfIk8Q8dzgmT}
{c_address: kbYrf d uR}
{c_address: kcW,mM0rhIstAcVaol1,6DVkS FPKlhY}
{c_address: kwh9i86Wj1Zq14nwTdhxapIkLEI}
{c_address: l,sSphiStMgdrxpxi}
{c_address: lbRP,tSo,eQT6rDDNNIBx}
{c_address: lp3aCRBK11qFY}
{c_address: lpKhW7g QK7Y13sxKlRvRYI7SItbTbcBxae}
{c_address: luMI1JpfrrILCEeTgz8k98z}
{c_address: m0sYmeYs5wLydSS qw542Et32}
{c_address: m1hO3VXQVbwTbJ99Hw}
{c_address: m3sbCvjMOHyaOofH,e UkGPtqc4}
{c_address: mSt8Gj4JqXXeDScn2CB PIrlnhvqxY,w6Ohku}
{c_address: mi3o6cp47mo8Miqh9d R1XWStjxatcQqHQZW}
{c_address: mk649IH6njR14woTVZ1cxtlNs URxBHD5o5z2}
{c_address: mksKhdWuQ1pjbc4yffHp8rRmLOMcJ}
{c_address: mpI6pkdnWLZsBbQi4,uUC5Y3TcM9vmRIgZelrQ}
{c_address: mtGezp1BRzcfPVl,1,G8Wl}
{c_address: mv 9MEDwd8yPeQj7N}
{c_address: n5hH2ftkVRwW8idtD,BmM2}
{c_address: nNUbC73nPBCKLg0}
{c_address: naGyIRPFPH E}
{c_address: nmbpR1rqOdlUDvT6C HXUhm2}
{c_address: nsPnedR1dhWK,}
{c_address: nxUZ BCBO1 HAymUcopl2NtyWMuWVnE3bqPVDB}
{c_address: oAvLu8VcRg9FNS9sNmoqU9}
{c_address: oGKgweC odpyORKPJ9oxTqzzdlYyFOwXm2F97C}
{c_address: oNFqorGhq3a3woEp5q8xVDX}
{c_address: oXxHtgXP5pXYTh}
{c_address: pAROUfTi3wCEHi1PXu}
{c_address: pO80QGjK7S0Kmoh46dViD K4OSEVDyiJ53CN}
{c_address: q5,Og3ezW3jSUtbwK 6qLJPqPwCwdL}
{c_address: qPFceGMB0xDjY6BhTGdIxe2Z F4MVuKIXHqQ1}
{c_address: qeYHABkf21,5C5OC5it6q}
{c_address: r dreL8m8cRaiIz IqZ83oMo,AVxe2PbsHQzK}
{c_address: r2SFEmfqrRu3M7ouE4zvI2ApOAtD}
{c_address: r3zPOuenxHl0oqInxWlEyLP1ZH}
{c_address: r6f34uxtNID YBuAXpO94BKyqjkM0qmT5n0Rmd9L}
{c_address: rdo knkGhtvpH6dbLkQon8QsrK1z4LFUpaVDTOn2}
{c_address: ripNyyPOewg8AahnZlsM}
{c_address: rzhIStRHsiWoc6K,7yv3YMqVdrz}
{c_address: sJ5adtfyAkCK63df2,vF25zyQMVYE34uh}
{c_address: sNx4HcJ35paZik,IN02G7p}
{c_address: sQJZJRAgYrZY0gPo9fJp6KAbY}
{c_address: sZjdeW4LT9EKopmlv3M Xbnbe3gXQ9JkoxPv }
{c_address: siRerlDwiolhYR 8FgksoezycLj}
{c_address: ss AgOrB5VFubLk bsmTgbw2ddJD}
{c_address: stRBRwdFCkdN}
{c_address: szsrOiPtCHVS97Lt}
{c_address: tE0lVKK3tz5AG2 Hal2XHwE485g5MX7}
{c_address: tQ,r4voHok7oeKw9msDh4ORGje}
{c_address: uF idg4bq8Ij7ghxJ5KuTnU8w}
{c_address: uOFz ,iMYi02Ksr13Q2nBCETCpSp}
{c_address: uYO2BKogrHcOcHEgzjlmZAa1QYyR45i8}
{c_address: uasIK CZZ5}
{c_address: ujAPYPBrLW,oIxGpuWmxoTDscSXFOP Tjk}
{c_address: vC1Yg5q O9  Tt5SM7OF}
{c_address: vMX52A1zqDbGNzjfSzgsxSVU0GU6iFmrgiUE}
{c_address: viRe1P6HiyL4LXpU7HPwu}
{c_address: w3zVseYDbjBbzLld}
{c_address: wDJTteyausmZswQAFQot}
{c_address: wry Gj3xd8QX ylUCulG}
{c_address: wtkjBN9eyrFuENSMmMFlJ3e7jE5KXcg}
{c_address: x1 H5c66DUgH2pgNTJhw6eZKgrAz}
{c_address: xAt 5f5AlFIU}
{c_address: xThQDiKdG,0sU IduCCPAgHJfx1PDJwtUQvfU}
{c_address: xwWO3lWjgVJTZwhnltyH6zj5ddkzgH8RbF}
{c_address: y4mA, TY6DW4gAY}
{c_address: y5J0HJVI6Mb k4rXTAPbxE9aw}
{c_address: yCuVxIgsZ3,qyK2rloThy3u}
{c_address: yKEtokQYXiuSSh8ZP5}
{c_address: yrASJAqw67PQxFYVAVsGU}
{c_address: z,dN83fETWpkJkoR}
{c_address: z4lUH9ssc3K2w0UjRIuNRrdqw}
{c_address: zGTH6uWKoQxIE}
{c_address: zZsTZ3nI1rG5X}
{c_address: ziSrvyyBke}
{c_address: zyWvi,SGc,tXTls}
5: syntax error at 
Error: Query is not correct!
