OK!


{l_extendedprice: 32029.6, l_discount: 0.06}
{l_extendedprice: 12341.1, l_discount: 0.03}
{l_extendedprice: 1700.79, l_discount: 0.03}
{l_extendedprice: 27693.5, l_discount: 0.06}
{l_extendedprice: 10481, l_discount: 0.04}
{l_extendedprice: 59698.9, l_discount: 0.08}
{l_extendedprice: 34736.6, l_discount: 0.02}
{l_extendedprice: 27696.5, l_discount: 0.04}
{l_extendedprice: 11111.7, l_discount: 0.03}
{l_extendedprice: 974.07, l_discount: 0.07}
{l_extendedprice: 39245.4, l_discount: 0.09}
{l_extendedprice: 53698.1, l_discount: 0.02}
{l_extendedprice: 7704.48, l_discount: 0}
{l_extendedprice: 49192.6, l_discount: 0.09}
{l_extendedprice: 2382.58, l_discount: 0.05}
{l_extendedprice: 4595.05, l_discount: 0.03}
{l_extendedprice: 8769.25, l_discount: 0.07}
{l_extendedprice: 39946.6, l_discount: 0.09}
{l_extendedprice: 14944.1, l_discount: 0.06}
{l_extendedprice: 36192.8, l_discount: 0.02}
{l_extendedprice: 47698.9, l_discount: 0.04}
{l_extendedprice: 23565.4, l_discount: 0.09}
{l_extendedprice: 54697.5, l_discount: 0.06}
{l_extendedprice: 33075.8, l_discount: 0.1}
{l_extendedprice: 71076.5, l_discount: 0.01}
{l_extendedprice: 81830.4, l_discount: 0.07}
{l_extendedprice: 16937.9, l_discount: 0.09}
{l_extendedprice: 39792.6, l_discount: 0.02}
{l_extendedprice: 63337, l_discount: 0}
{l_extendedprice: 2360.54, l_discount: 0.09}
{l_extendedprice: 53648, l_discount: 0.05}
{l_extendedprice: 39291.8, l_discount: 0.01}
{l_extendedprice: 21255.8, l_discount: 0.07}
{l_extendedprice: 26091.7, l_discount: 0.01}
{l_extendedprice: 46579.8, l_discount: 0.09}
{l_extendedprice: 51448.1, l_discount: 0.06}
{l_extendedprice: 79709.3, l_discount: 0.06}
{l_extendedprice: 66149.3, l_discount: 0.06}
{l_extendedprice: 7449.12, l_discount: 0.04}
{l_extendedprice: 25396.6, l_discount: 0.05}
{l_extendedprice: 17869.5, l_discount: 0.02}
{l_extendedprice: 11001.7, l_discount: 0.08}
{l_extendedprice: 36216.1, l_discount: 0.1}
{l_extendedprice: 29456.8, l_discount: 0.07}
{l_extendedprice: 4870.35, l_discount: 0.04}
{l_extendedprice: 10884, l_discount: 0.01}
{l_extendedprice: 79673.6, l_discount: 0}
{l_extendedprice: 39994, l_discount: 0.03}
{l_extendedprice: 33552.1, l_discount: 0}
{l_extendedprice: 44000, l_discount: 0.07}
{l_extendedprice: 33996.9, l_discount: 0.04}
{l_extendedprice: 15446.4, l_discount: 0.07}
{l_extendedprice: 89594.5, l_discount: 0.01}
{l_extendedprice: 42242.2, l_discount: 0.07}
{l_extendedprice: 13384.7, l_discount: 0.01}
{l_extendedprice: 90045, l_discount: 0.07}
{l_extendedprice: 46964.8, l_discount: 0}
{l_extendedprice: 28102.7, l_discount: 0.02}
{l_extendedprice: 45289.2, l_discount: 0.09}
{l_extendedprice: 54858.8, l_discount: 0.03}
{l_extendedprice: 53636.4, l_discount: 0}
{l_extendedprice: 11199.2, l_discount: 0.03}
{l_extendedprice: 34974.8, l_discount: 0.02}
{l_extendedprice: 31554.6, l_discount: 0.06}
{l_extendedprice: 33263.6, l_discount: 0.02}
{l_extendedprice: 21754.9, l_discount: 0.01}
{l_extendedprice: 57381.4, l_discount: 0.06}
{l_extendedprice: 69022.3, l_discount: 0.07}
{l_extendedprice: 31973.8, l_discount: 0.01}
{l_extendedprice: 39862, l_discount: 0.01}
{l_extendedprice: 8398.85, l_discount: 0.07}
{l_extendedprice: 23774.3, l_discount: 0.1}
{l_extendedprice: 9634.2, l_discount: 0}
{l_extendedprice: 8559.05, l_discount: 0.05}
{l_extendedprice: 36598.4, l_discount: 0.03}
{l_extendedprice: 33664.4, l_discount: 0.05}
{l_extendedprice: 74914.2, l_discount: 0.02}
{l_extendedprice: 56116.3, l_discount: 0.02}
{l_extendedprice: 89813.6, l_discount: 0.05}
{l_extendedprice: 15711.1, l_discount: 0.02}
{l_extendedprice: 41068.2, l_discount: 0.01}
{l_extendedprice: 6930.56, l_discount: 0.08}
{l_extendedprice: 69445.4, l_discount: 0.05}
{l_extendedprice: 17178.4, l_discount: 0.1}
{l_extendedprice: 17879.8, l_discount: 0.05}
{l_extendedprice: 73513.9, l_discount: 0.06}
{l_extendedprice: 47232.2, l_discount: 0}
{l_extendedprice: 1772.87, l_discount: 0.1}
{l_extendedprice: 31407.4, l_discount: 0.09}
{l_extendedprice: 68474.7, l_discount: 0.04}
{l_extendedprice: 15538.2, l_discount: 0.01}
{l_extendedprice: 70954.8, l_discount: 0.04}
{l_extendedprice: 66490.5, l_discount: 0.08}
{l_extendedprice: 41006.2, l_discount: 0.08}
{l_extendedprice: 35501.6, l_discount: 0.09}
{l_extendedprice: 52516.8, l_discount: 0.02}
{l_extendedprice: 32225.1, l_discount: 0.08}
{l_extendedprice: 45680.7, l_discount: 0.03}
{l_extendedprice: 87404.2, l_discount: 0.02}
{l_extendedprice: 73821.9, l_discount: 0.03}
{l_extendedprice: 84314.8, l_discount: 0.02}
{l_extendedprice: 49114.7, l_discount: 0.07}
{l_extendedprice: 36219, l_discount: 0}
{l_extendedprice: 38560.8, l_discount: 0.07}
{l_extendedprice: 55603.8, l_discount: 0.09}
{l_extendedprice: 30329, l_discount: 0.02}
{l_extendedprice: 1920.12, l_discount: 0.01}
{l_extendedprice: 71145.4, l_discount: 0}
{l_extendedprice: 93198, l_discount: 0.07}
{l_extendedprice: 21515.2, l_discount: 0.09}
{l_extendedprice: 17974.8, l_discount: 0.05}
{l_extendedprice: 9474.15, l_discount: 0.05}
{l_extendedprice: 27659.1, l_discount: 0.07}
{l_extendedprice: 18249.2, l_discount: 0.02}
{l_extendedprice: 48399.8, l_discount: 0.08}
{l_extendedprice: 61852.6, l_discount: 0.08}
{l_extendedprice: 27144.9, l_discount: 0.05}
{l_extendedprice: 4572.96, l_discount: 0.04}
{l_extendedprice: 35341.1, l_discount: 0.03}
{l_extendedprice: 37504, l_discount: 0.08}
{l_extendedprice: 34673.2, l_discount: 0.05}
{l_extendedprice: 48168.4, l_discount: 0}
{l_extendedprice: 70114, l_discount: 0.08}
{l_extendedprice: 42765.8, l_discount: 0.03}
{l_extendedprice: 6141.6, l_discount: 0.1}
{l_extendedprice: 17839.6, l_discount: 0.08}
{l_extendedprice: 75217, l_discount: 0.08}
{l_extendedprice: 36009.3, l_discount: 0}
{l_extendedprice: 62370.7, l_discount: 0.01}
{l_extendedprice: 11352.2, l_discount: 0.06}
{l_extendedprice: 4012.29, l_discount: 0.09}
{l_extendedprice: 43440, l_discount: 0.08}
{l_extendedprice: 8200.96, l_discount: 0.1}
{l_extendedprice: 8569.05, l_discount: 0.02}
{l_extendedprice: 72227, l_discount: 0.06}
{l_extendedprice: 12893.6, l_discount: 0.06}
{l_extendedprice: 18124.5, l_discount: 0.03}
{l_extendedprice: 62521.9, l_discount: 0.09}
{l_extendedprice: 49224.8, l_discount: 0.05}
{l_extendedprice: 45852.8, l_discount: 0}
{l_extendedprice: 70386.7, l_discount: 0}
{l_extendedprice: 66571.5, l_discount: 0}
{l_extendedprice: 27675.9, l_discount: 0.07}
{l_extendedprice: 50242.3, l_discount: 0.08}
{l_extendedprice: 46574, l_discount: 0.09}
{l_extendedprice: 41264.1, l_discount: 0.09}
{l_extendedprice: 16517.6, l_discount: 0.06}
{l_extendedprice: 46418.6, l_discount: 0.07}
{l_extendedprice: 31543, l_discount: 0.09}
{l_extendedprice: 46456.3, l_discount: 0.03}
{l_extendedprice: 16000, l_discount: 0.1}
{l_extendedprice: 19480.9, l_discount: 0.02}
{l_extendedprice: 31932.8, l_discount: 0.03}
{l_extendedprice: 50213.1, l_discount: 0.04}
{l_extendedprice: 7035.4, l_discount: 0.09}
{l_extendedprice: 60265, l_discount: 0.07}
{l_extendedprice: 57543, l_discount: 0.01}
{l_extendedprice: 14675.6, l_discount: 0.06}
{l_extendedprice: 55810.5, l_discount: 0.09}
{l_extendedprice: 25707.2, l_discount: 0.05}
{l_extendedprice: 42358.4, l_discount: 0.06}
{l_extendedprice: 64119, l_discount: 0.03}
{l_extendedprice: 10991.9, l_discount: 0.01}
{l_extendedprice: 9177.92, l_discount: 0.03}
{l_extendedprice: 46624.1, l_discount: 0.06}
{l_extendedprice: 30665.3, l_discount: 0.02}
{l_extendedprice: 49236.2, l_discount: 0.04}
{l_extendedprice: 66085.2, l_discount: 0.08}
{l_extendedprice: 6261.75, l_discount: 0.07}
{l_extendedprice: 55588.5, l_discount: 0.02}
{l_extendedprice: 46983.9, l_discount: 0.1}
{l_extendedprice: 50149, l_discount: 0.09}
{l_extendedprice: 33732.1, l_discount: 0.08}
{l_extendedprice: 30765.3, l_discount: 0.08}
{l_extendedprice: 16037.4, l_discount: 0.01}
{l_extendedprice: 21715.3, l_discount: 0.06}
{l_extendedprice: 19145.5, l_discount: 0.05}
{l_extendedprice: 10203, l_discount: 0.01}
{l_extendedprice: 33468.1, l_discount: 0.03}
{l_extendedprice: 74329.3, l_discount: 0.06}
{l_extendedprice: 5746.12, l_discount: 0.08}
{l_extendedprice: 9069.55, l_discount: 0.05}
{l_extendedprice: 26054.7, l_discount: 0.08}
{l_extendedprice: 25983.3, l_discount: 0.01}
{l_extendedprice: 34099.3, l_discount: 0.07}
{l_extendedprice: 31092, l_discount: 0.03}
{l_extendedprice: 9360.3, l_discount: 0.05}
{l_extendedprice: 41684.4, l_discount: 0.09}
{l_extendedprice: 84172.7, l_discount: 0.05}
{l_extendedprice: 21082.9, l_discount: 0.02}
{l_extendedprice: 16910.7, l_discount: 0.04}
{l_extendedprice: 59073, l_discount: 0.09}
{l_extendedprice: 49013.1, l_discount: 0.01}
{l_extendedprice: 24627, l_discount: 0.08}
{l_extendedprice: 6018.6, l_discount: 0.04}
{l_extendedprice: 35246.5, l_discount: 0.04}
{l_extendedprice: 36517, l_discount: 0.02}
{l_extendedprice: 36778.9, l_discount: 0.05}
{l_extendedprice: 12550.2, l_discount: 0.04}
{l_extendedprice: 26137.6, l_discount: 0.02}
{l_extendedprice: 32792.8, l_discount: 0.02}
{l_extendedprice: 52386.9, l_discount: 0.05}
{l_extendedprice: 8305.04, l_discount: 0.09}
{l_extendedprice: 8123.6, l_discount: 0.1}
{l_extendedprice: 5113.48, l_discount: 0.01}
{l_extendedprice: 1758.85, l_discount: 0.04}
{l_extendedprice: 12206.9, l_discount: 0.08}
{l_extendedprice: 76898.6, l_discount: 0.04}
{l_extendedprice: 8631.18, l_discount: 0.04}
{l_extendedprice: 71311.2, l_discount: 0.07}
{l_extendedprice: 4904.19, l_discount: 0.01}
{l_extendedprice: 15937.7, l_discount: 0.03}
{l_extendedprice: 58022.2, l_discount: 0.09}
{l_extendedprice: 31313.4, l_discount: 0.07}
{l_extendedprice: 67972.5, l_discount: 0.03}
{l_extendedprice: 43759.2, l_discount: 0.01}
{l_extendedprice: 42065.2, l_discount: 0.05}
{l_extendedprice: 28454.1, l_discount: 0.08}
{l_extendedprice: 31615.7, l_discount: 0.1}
{l_extendedprice: 48510.1, l_discount: 0.1}
{l_extendedprice: 18509.4, l_discount: 0.01}
{l_extendedprice: 62426, l_discount: 0.07}
{l_extendedprice: 63283.7, l_discount: 0.08}
{l_extendedprice: 57005.2, l_discount: 0.05}
{l_extendedprice: 38231.8, l_discount: 0.09}
{l_extendedprice: 70650.8, l_discount: 0.01}
{l_extendedprice: 3043.24, l_discount: 0.08}
{l_extendedprice: 36247.1, l_discount: 0.02}
{l_extendedprice: 46745.1, l_discount: 0.08}
{l_extendedprice: 41320.5, l_discount: 0.08}
{l_extendedprice: 60184, l_discount: 0.06}
{l_extendedprice: 48633.2, l_discount: 0.03}
{l_extendedprice: 48423, l_discount: 0.09}
{l_extendedprice: 14068.3, l_discount: 0.07}
{l_extendedprice: 50611.7, l_discount: 0.06}
{l_extendedprice: 50455.1, l_discount: 0.08}
{l_extendedprice: 10971.9, l_discount: 0.01}
{l_extendedprice: 2560.74, l_discount: 0.09}
{l_extendedprice: 38764.7, l_discount: 0.04}
{l_extendedprice: 30938.5, l_discount: 0.02}
{l_extendedprice: 43702.1, l_discount: 0.01}
{l_extendedprice: 31371.1, l_discount: 0}
{l_extendedprice: 82618.9, l_discount: 0.05}
{l_extendedprice: 6647.1, l_discount: 0.06}
{l_extendedprice: 18359.3, l_discount: 0}
{l_extendedprice: 36216.1, l_discount: 0.06}
{l_extendedprice: 5546, l_discount: 0}
{l_extendedprice: 8268.96, l_discount: 0.03}
{l_extendedprice: 37868.6, l_discount: 0}
{l_extendedprice: 5896.35, l_discount: 0.01}
{l_extendedprice: 3775.05, l_discount: 0}
{l_extendedprice: 3979.26, l_discount: 0.1}
{l_extendedprice: 53764.6, l_discount: 0}
{l_extendedprice: 68977, l_discount: 0.06}
{l_extendedprice: 59266.7, l_discount: 0.09}
{l_extendedprice: 41931.6, l_discount: 0.02}
{l_extendedprice: 27990.2, l_discount: 0.03}
{l_extendedprice: 48616.1, l_discount: 0}
{l_extendedprice: 33264.7, l_discount: 0.04}
{l_extendedprice: 50312.9, l_discount: 0.06}
{l_extendedprice: 33267.3, l_discount: 0.1}
{l_extendedprice: 13883.8, l_discount: 0.07}
{l_extendedprice: 4558.83, l_discount: 0}
{l_extendedprice: 42841.2, l_discount: 0.09}
{l_extendedprice: 25273.8, l_discount: 0.05}
{l_extendedprice: 18989.9, l_discount: 0.09}
{l_extendedprice: 77726.2, l_discount: 0.09}
{l_extendedprice: 61536.6, l_discount: 0.06}
{l_extendedprice: 1607.7, l_discount: 0}
{l_extendedprice: 90500.1, l_discount: 0.1}
{l_extendedprice: 1065.16, l_discount: 0.04}
{l_extendedprice: 26866.8, l_discount: 0.03}
{l_extendedprice: 55858.9, l_discount: 0.04}
{l_extendedprice: 32956.6, l_discount: 0.08}
{l_extendedprice: 46257.3, l_discount: 0}
{l_extendedprice: 35990.6, l_discount: 0.01}
{l_extendedprice: 18990.3, l_discount: 0.08}
{l_extendedprice: 4372.76, l_discount: 0.02}
{l_extendedprice: 36964.2, l_discount: 0.02}
{l_extendedprice: 37581.6, l_discount: 0.09}
{l_extendedprice: 43634.9, l_discount: 0.07}
{l_extendedprice: 11744.4, l_discount: 0.01}
{l_extendedprice: 1721.82, l_discount: 0.05}
{l_extendedprice: 59219.5, l_discount: 0.02}
{l_extendedprice: 42285.4, l_discount: 0.07}
{l_extendedprice: 48403, l_discount: 0.1}
{l_extendedprice: 26989.9, l_discount: 0.06}
{l_extendedprice: 15747, l_discount: 0.06}
{l_extendedprice: 40322.5, l_discount: 0.09}
{l_extendedprice: 9676.26, l_discount: 0.07}
{l_extendedprice: 17126.3, l_discount: 0.07}
{l_extendedprice: 8847.72, l_discount: 0.1}
{l_extendedprice: 17795.4, l_discount: 0.07}
{l_extendedprice: 11668.4, l_discount: 0.06}
{l_extendedprice: 57631.2, l_discount: 0.1}
{l_extendedprice: 55234.9, l_discount: 0.1}
{l_extendedprice: 1612.71, l_discount: 0.01}
{l_extendedprice: 37259.2, l_discount: 0.03}
{l_extendedprice: 17503.7, l_discount: 0.04}
{l_extendedprice: 11244.4, l_discount: 0.09}
{l_extendedprice: 88653.1, l_discount: 0.07}
{l_extendedprice: 18939.9, l_discount: 0.02}
{l_extendedprice: 69241.9, l_discount: 0.03}
{l_extendedprice: 43643.2, l_discount: 0.03}
{l_extendedprice: 50279.5, l_discount: 0.02}
{l_extendedprice: 46101, l_discount: 0.01}
{l_extendedprice: 32375, l_discount: 0.04}
{l_extendedprice: 20913.1, l_discount: 0.02}
{l_extendedprice: 38570, l_discount: 0.07}
{l_extendedprice: 34687.5, l_discount: 0}
{l_extendedprice: 66634.5, l_discount: 0.04}
{l_extendedprice: 33532.3, l_discount: 0.02}
{l_extendedprice: 21275.5, l_discount: 0.09}
{l_extendedprice: 46884.6, l_discount: 0.05}
{l_extendedprice: 24386.5, l_discount: 0.04}
{l_extendedprice: 53811.1, l_discount: 0.05}
{l_extendedprice: 71326, l_discount: 0.01}
{l_extendedprice: 20085.8, l_discount: 0.07}
{l_extendedprice: 19641, l_discount: 0.09}
{l_extendedprice: 53222.8, l_discount: 0.07}
{l_extendedprice: 50002.7, l_discount: 0.09}
{l_extendedprice: 29880.5, l_discount: 0}
{l_extendedprice: 35894.3, l_discount: 0.02}
{l_extendedprice: 72199.6, l_discount: 0.04}
{l_extendedprice: 7056.7, l_discount: 0.03}
{l_extendedprice: 10756.4, l_discount: 0.09}
{l_extendedprice: 9459.95, l_discount: 0.02}
{l_extendedprice: 35917.8, l_discount: 0.07}
{l_extendedprice: 10611.6, l_discount: 0.06}
{l_extendedprice: 9399.85, l_discount: 0.07}
{l_extendedprice: 41869.2, l_discount: 0.1}
{l_extendedprice: 15766.7, l_discount: 0.03}
{l_extendedprice: 57444.8, l_discount: 0.05}
{l_extendedprice: 30692.8, l_discount: 0.05}
{l_extendedprice: 59968.3, l_discount: 0}
{l_extendedprice: 5826.2, l_discount: 0.01}
{l_extendedprice: 14175.6, l_discount: 0}
{l_extendedprice: 39301.9, l_discount: 0.01}
{l_extendedprice: 61607.1, l_discount: 0.02}
{l_extendedprice: 39972, l_discount: 0.09}
{l_extendedprice: 92947.5, l_discount: 0.04}
{l_extendedprice: 16215.5, l_discount: 0.08}
{l_extendedprice: 56059.2, l_discount: 0.02}
{l_extendedprice: 48981.9, l_discount: 0.02}
{l_extendedprice: 19822, l_discount: 0.09}
{l_extendedprice: 23094.3, l_discount: 0.08}
{l_extendedprice: 39605.6, l_discount: 0.04}
{l_extendedprice: 41311.1, l_discount: 0.01}
{l_extendedprice: 10611.6, l_discount: 0}
{l_extendedprice: 27196.6, l_discount: 0.03}
{l_extendedprice: 54424.1, l_discount: 0.09}
{l_extendedprice: 65809.5, l_discount: 0.05}
{l_extendedprice: 2104.3, l_discount: 0.1}
{l_extendedprice: 59543.2, l_discount: 0.06}
{l_extendedprice: 19551.6, l_discount: 0.07}
{l_extendedprice: 17816, l_discount: 0.06}
{l_extendedprice: 32362, l_discount: 0.05}
{l_extendedprice: 34309.4, l_discount: 0.09}
{l_extendedprice: 10851.6, l_discount: 0.09}
{l_extendedprice: 24659.9, l_discount: 0.02}
{l_extendedprice: 85241.8, l_discount: 0.03}
{l_extendedprice: 28894.6, l_discount: 0.07}
{l_extendedprice: 18640.5, l_discount: 0.02}
{l_extendedprice: 12085.2, l_discount: 0.02}
{l_extendedprice: 81160.5, l_discount: 0.1}
{l_extendedprice: 4601, l_discount: 0.06}
{l_extendedprice: 51555.3, l_discount: 0}
{l_extendedprice: 63894.2, l_discount: 0.08}
{l_extendedprice: 31598.1, l_discount: 0.09}
{l_extendedprice: 25561.2, l_discount: 0.01}
{l_extendedprice: 52096, l_discount: 0}
{l_extendedprice: 63026.8, l_discount: 0.1}
{l_extendedprice: 40476.1, l_discount: 0}
{l_extendedprice: 8280.18, l_discount: 0.02}
{l_extendedprice: 5336.61, l_discount: 0.07}
{l_extendedprice: 53537.2, l_discount: 0}
{l_extendedprice: 8613.45, l_discount: 0}
{l_extendedprice: 27678.2, l_discount: 0.01}
{l_extendedprice: 30470.2, l_discount: 0.01}
{l_extendedprice: 13654.7, l_discount: 0.03}
{l_extendedprice: 22448.8, l_discount: 0.05}
{l_extendedprice: 15256.4, l_discount: 0.08}
{l_extendedprice: 27921.5, l_discount: 0.08}
{l_extendedprice: 18398.2, l_discount: 0.1}
{l_extendedprice: 2865.06, l_discount: 0}
{l_extendedprice: 50884.1, l_discount: 0.02}
{l_extendedprice: 20285.9, l_discount: 0.09}
{l_extendedprice: 46740.1, l_discount: 0.1}
{l_extendedprice: 86394.7, l_discount: 0.1}
{l_extendedprice: 17743, l_discount: 0.03}
{l_extendedprice: 79160, l_discount: 0.02}
{l_extendedprice: 72460.1, l_discount: 0.02}
{l_extendedprice: 15372.4, l_discount: 0.1}
{l_extendedprice: 51387.3, l_discount: 0.06}
{l_extendedprice: 18992.2, l_discount: 0.05}
{l_extendedprice: 46865.9, l_discount: 0.05}
{l_extendedprice: 45813, l_discount: 0.1}
{l_extendedprice: 51526.5, l_discount: 0.01}
{l_extendedprice: 42550.6, l_discount: 0.07}
{l_extendedprice: 11640.7, l_discount: 0.1}
{l_extendedprice: 8802.63, l_discount: 0.03}
{l_extendedprice: 16542.2, l_discount: 0.1}
{l_extendedprice: 27555, l_discount: 0.03}
{l_extendedprice: 66333.5, l_discount: 0.09}
{l_extendedprice: 33120.4, l_discount: 0.06}
{l_extendedprice: 70364.7, l_discount: 0.01}
{l_extendedprice: 81436, l_discount: 0.09}
{l_extendedprice: 80199.8, l_discount: 0.09}
{l_extendedprice: 19901.3, l_discount: 0.02}
{l_extendedprice: 56185.7, l_discount: 0.02}
{l_extendedprice: 47790.4, l_discount: 0}
{l_extendedprice: 16748.9, l_discount: 0.07}
{l_extendedprice: 28926.9, l_discount: 0.04}
{l_extendedprice: 11052.2, l_discount: 0.01}
{l_extendedprice: 18648.9, l_discount: 0.03}
{l_extendedprice: 35443.4, l_discount: 0.06}
{l_extendedprice: 13966.7, l_discount: 0.02}
{l_extendedprice: 34859, l_discount: 0.02}
{l_extendedprice: 72077, l_discount: 0.07}
{l_extendedprice: 66273.8, l_discount: 0.01}
{l_extendedprice: 31106.2, l_discount: 0.05}
{l_extendedprice: 13404.7, l_discount: 0.09}
{l_extendedprice: 9214.7, l_discount: 0.04}
{l_extendedprice: 54970.1, l_discount: 0.06}
{l_extendedprice: 15016, l_discount: 0.1}
{l_extendedprice: 1761.86, l_discount: 0.05}
{l_extendedprice: 16820.6, l_discount: 0.03}
{l_extendedprice: 14523.4, l_discount: 0.1}
{l_extendedprice: 37615.6, l_discount: 0.1}
{l_extendedprice: 63535.2, l_discount: 0.07}
{l_extendedprice: 35056.5, l_discount: 0.06}
{l_extendedprice: 1007.1, l_discount: 0.08}
{l_extendedprice: 12828.9, l_discount: 0.03}
{l_extendedprice: 48151.8, l_discount: 0.03}
{l_extendedprice: 36405.9, l_discount: 0.09}
{l_extendedprice: 88735.1, l_discount: 0}
{l_extendedprice: 26208.2, l_discount: 0.08}
{l_extendedprice: 34664.7, l_discount: 0}
{l_extendedprice: 25544.4, l_discount: 0.05}
{l_extendedprice: 23671.1, l_discount: 0.02}
{l_extendedprice: 68167.8, l_discount: 0.08}
{l_extendedprice: 43079.1, l_discount: 0}
{l_extendedprice: 50887.2, l_discount: 0.1}
{l_extendedprice: 34837.7, l_discount: 0.05}
{l_extendedprice: 27218.7, l_discount: 0.05}
{l_extendedprice: 18431.1, l_discount: 0.04}
{l_extendedprice: 38570, l_discount: 0.06}
{l_extendedprice: 38870.9, l_discount: 0}
{l_extendedprice: 12901.8, l_discount: 0.07}
{l_extendedprice: 42094.5, l_discount: 0.02}
{l_extendedprice: 65619.2, l_discount: 0.09}
{l_extendedprice: 30752.6, l_discount: 0.06}
{l_extendedprice: 38816.2, l_discount: 0.1}
{l_extendedprice: 22878, l_discount: 0.07}
{l_extendedprice: 6378.76, l_discount: 0.06}
{l_extendedprice: 70154.9, l_discount: 0.07}
{l_extendedprice: 24165.8, l_discount: 0.06}
{l_extendedprice: 58569.3, l_discount: 0.08}
{l_extendedprice: 60208.3, l_discount: 0.05}
{l_extendedprice: 57146.5, l_discount: 0}
{l_extendedprice: 11163.9, l_discount: 0}
{l_extendedprice: 14733.7, l_discount: 0.06}
{l_extendedprice: 76964.8, l_discount: 0.04}
{l_extendedprice: 29071.4, l_discount: 0.08}
{l_extendedprice: 29099.5, l_discount: 0.07}
{l_extendedprice: 57305.6, l_discount: 0}
{l_extendedprice: 17529.7, l_discount: 0.07}
{l_extendedprice: 24055.5, l_discount: 0.04}
{l_extendedprice: 7659.33, l_discount: 0.03}
{l_extendedprice: 84265.8, l_discount: 0.04}
{l_extendedprice: 51130.3, l_discount: 0.08}
{l_extendedprice: 32704.4, l_discount: 0.09}
{l_extendedprice: 13064, l_discount: 0.09}
{l_extendedprice: 41723.9, l_discount: 0.09}
{l_extendedprice: 22343.7, l_discount: 0.04}
{l_extendedprice: 46865.9, l_discount: 0.07}
{l_extendedprice: 55110, l_discount: 0.09}
{l_extendedprice: 33992.9, l_discount: 0.05}
{l_extendedprice: 28639, l_discount: 0.03}
{l_extendedprice: 64917.6, l_discount: 0.05}
{l_extendedprice: 3539.72, l_discount: 0.06}
{l_extendedprice: 8144.88, l_discount: 0.07}
{l_extendedprice: 63247.5, l_discount: 0.07}
{l_extendedprice: 3615.8, l_discount: 0.05}
{l_extendedprice: 55211.5, l_discount: 0.06}
{l_extendedprice: 19616.8, l_discount: 0.04}
{l_extendedprice: 32631.4, l_discount: 0.01}
{l_extendedprice: 28638.1, l_discount: 0.1}
{l_extendedprice: 1449.54, l_discount: 0.08}
{l_extendedprice: 41841.4, l_discount: 0.01}
{l_extendedprice: 79749.1, l_discount: 0.01}
{l_extendedprice: 16837.8, l_discount: 0.09}
{l_extendedprice: 7141.74, l_discount: 0.09}
{l_extendedprice: 49744.3, l_discount: 0.01}
{l_extendedprice: 36443.9, l_discount: 0.09}
{l_extendedprice: 17321.4, l_discount: 0.06}
{l_extendedprice: 43431.5, l_discount: 0.04}
{l_extendedprice: 44208.8, l_discount: 0.09}
{l_extendedprice: 6752.25, l_discount: 0.04}
{l_extendedprice: 57117.4, l_discount: 0.05}
{l_extendedprice: 30426.7, l_discount: 0}
{l_extendedprice: 33589.1, l_discount: 0.07}
{l_extendedprice: 24666, l_discount: 0.08}
{l_extendedprice: 13053.3, l_discount: 0.01}
{l_extendedprice: 929.02, l_discount: 0.02}
{l_extendedprice: 45986.2, l_discount: 0}
{l_extendedprice: 8629.1, l_discount: 0.06}
{l_extendedprice: 44888.8, l_discount: 0.05}
{l_extendedprice: 46333, l_discount: 0.09}
{l_extendedprice: 52891.4, l_discount: 0.05}
{l_extendedprice: 74198, l_discount: 0.05}
{l_extendedprice: 32580, l_discount: 0.03}
{l_extendedprice: 87066.6, l_discount: 0.08}
{l_extendedprice: 27790.9, l_discount: 0}
{l_extendedprice: 12173.1, l_discount: 0}
{l_extendedprice: 18089.4, l_discount: 0.1}
{l_extendedprice: 1826.92, l_discount: 0.04}
{l_extendedprice: 7944.72, l_discount: 0.1}
{l_extendedprice: 6072.66, l_discount: 0.04}
{l_extendedprice: 39977.9, l_discount: 0.07}
{l_extendedprice: 20721.8, l_discount: 0}
{l_extendedprice: 15256.4, l_discount: 0.03}
{l_extendedprice: 23160.6, l_discount: 0.05}
{l_extendedprice: 26168, l_discount: 0.01}
{l_extendedprice: 62201.5, l_discount: 0.1}
{l_extendedprice: 52558.8, l_discount: 0.04}
{l_extendedprice: 52670.2, l_discount: 0.08}
{l_extendedprice: 20591.7, l_discount: 0.01}
{l_extendedprice: 46376.4, l_discount: 0.03}
{l_extendedprice: 40781.4, l_discount: 0.03}
{l_extendedprice: 63188.6, l_discount: 0.02}
{l_extendedprice: 56580.8, l_discount: 0.1}
{l_extendedprice: 48256.2, l_discount: 0.01}
{l_extendedprice: 26472.9, l_discount: 0}
{l_extendedprice: 8403, l_discount: 0}
{l_extendedprice: 27045, l_discount: 0.09}
{l_extendedprice: 1406.5, l_discount: 0.07}
{l_extendedprice: 4460.84, l_discount: 0.04}
{l_extendedprice: 42995.2, l_discount: 0.01}
{l_extendedprice: 28474.9, l_discount: 0.09}
{l_extendedprice: 51920.8, l_discount: 0.04}
{l_extendedprice: 6281.75, l_discount: 0.04}
{l_extendedprice: 39802.6, l_discount: 0.03}
{l_extendedprice: 57601.7, l_discount: 0.05}
{l_extendedprice: 43532.9, l_discount: 0.1}
{l_extendedprice: 25459.5, l_discount: 0.03}
{l_extendedprice: 78622.7, l_discount: 0.1}
{l_extendedprice: 83669.9, l_discount: 0}
{l_extendedprice: 23485.4, l_discount: 0.02}
{l_extendedprice: 64966.4, l_discount: 0.02}
{l_extendedprice: 32704.4, l_discount: 0.08}
{l_extendedprice: 5821.3, l_discount: 0.08}
{l_extendedprice: 22427.5, l_discount: 0.08}
{l_extendedprice: 35296.4, l_discount: 0.09}
{l_extendedprice: 32830.6, l_discount: 0.09}
{l_extendedprice: 65744.2, l_discount: 0.03}
{l_extendedprice: 4919.19, l_discount: 0.06}
{l_extendedprice: 39279.2, l_discount: 0.06}
{l_extendedprice: 12234.9, l_discount: 0.09}
{l_extendedprice: 2076.26, l_discount: 0.06}
{l_extendedprice: 58390.6, l_discount: 0.1}
{l_extendedprice: 23112.6, l_discount: 0.1}
{l_extendedprice: 31381, l_discount: 0.02}
{l_extendedprice: 22178.5, l_discount: 0.03}
{l_extendedprice: 17253.8, l_discount: 0.02}
{l_extendedprice: 44009.3, l_discount: 0.06}
{l_extendedprice: 16407.5, l_discount: 0.05}
{l_extendedprice: 25884.5, l_discount: 0.02}
{l_extendedprice: 34114.7, l_discount: 0.07}
{l_extendedprice: 61502.6, l_discount: 0.04}
{l_extendedprice: 24327, l_discount: 0.09}
{l_extendedprice: 11019.8, l_discount: 0}
{l_extendedprice: 40671.4, l_discount: 0.09}
{l_extendedprice: 22325.9, l_discount: 0.03}
{l_extendedprice: 45468.3, l_discount: 0.06}
{l_extendedprice: 59607, l_discount: 0.01}
{l_extendedprice: 25917.3, l_discount: 0.04}
{l_extendedprice: 56707.3, l_discount: 0}
{l_extendedprice: 92413, l_discount: 0.07}
{l_extendedprice: 13717, l_discount: 0.09}
{l_extendedprice: 40983.2, l_discount: 0.05}
{l_extendedprice: 48772.4, l_discount: 0.1}
{l_extendedprice: 53635.6, l_discount: 0.04}
{l_extendedprice: 33761.9, l_discount: 0.01}
{l_extendedprice: 70634.8, l_discount: 0.04}
{l_extendedprice: 29623.3, l_discount: 0.04}
{l_extendedprice: 16784.6, l_discount: 0.05}
{l_extendedprice: 35787.2, l_discount: 0.07}
{l_extendedprice: 31282.1, l_discount: 0.01}
{l_extendedprice: 84280.8, l_discount: 0}
{l_extendedprice: 75279.2, l_discount: 0.01}
{l_extendedprice: 6216.78, l_discount: 0.09}
{l_extendedprice: 21597, l_discount: 0.07}
{l_extendedprice: 61512.2, l_discount: 0.03}
{l_extendedprice: 42220.5, l_discount: 0.06}
{l_extendedprice: 40724.3, l_discount: 0.01}
{l_extendedprice: 23995.7, l_discount: 0.08}
{l_extendedprice: 3802.08, l_discount: 0.07}
{l_extendedprice: 23528.7, l_discount: 0.06}
{l_extendedprice: 78247.4, l_discount: 0.08}
{l_extendedprice: 71915.6, l_discount: 0.06}
{l_extendedprice: 53847.1, l_discount: 0.09}
{l_extendedprice: 38321.2, l_discount: 0.04}
{l_extendedprice: 9181.08, l_discount: 0.02}
{l_extendedprice: 21674.7, l_discount: 0.05}
{l_extendedprice: 10921.9, l_discount: 0.03}
{l_extendedprice: 53970.4, l_discount: 0.05}
{l_extendedprice: 36056.9, l_discount: 0.03}
{l_extendedprice: 68035.5, l_discount: 0.08}
{l_extendedprice: 41736.5, l_discount: 0}
{l_extendedprice: 42726.4, l_discount: 0.09}
{l_extendedprice: 59878, l_discount: 0.02}
{l_extendedprice: 12185.8, l_discount: 0}
{l_extendedprice: 51704.2, l_discount: 0.05}
{l_extendedprice: 30883.2, l_discount: 0.07}
{l_extendedprice: 52485.7, l_discount: 0.06}
{l_extendedprice: 37002.7, l_discount: 0.1}
{l_extendedprice: 30531, l_discount: 0.08}
{l_extendedprice: 27806.5, l_discount: 0.05}
{l_extendedprice: 8717.38, l_discount: 0.08}
{l_extendedprice: 2754.94, l_discount: 0.03}
{l_extendedprice: 1760.85, l_discount: 0.08}
{l_extendedprice: 31210.8, l_discount: 0.01}
{l_extendedprice: 23450.8, l_discount: 0.04}
{l_extendedprice: 58342, l_discount: 0}
{l_extendedprice: 37324.9, l_discount: 0.04}
{l_extendedprice: 59067.4, l_discount: 0.02}
{l_extendedprice: 34570, l_discount: 0.02}
{l_extendedprice: 52988, l_discount: 0.1}
{l_extendedprice: 57262.7, l_discount: 0.1}
{l_extendedprice: 71796.3, l_discount: 0.05}
{l_extendedprice: 36038.4, l_discount: 0.04}
{l_extendedprice: 51986.2, l_discount: 0.02}
{l_extendedprice: 39229.3, l_discount: 0.09}
{l_extendedprice: 54892.5, l_discount: 0.05}
{l_extendedprice: 5922.32, l_discount: 0.08}
{l_extendedprice: 30272.9, l_discount: 0.07}
{l_extendedprice: 4829.1, l_discount: 0.03}
{l_extendedprice: 10234.8, l_discount: 0.04}
{l_extendedprice: 21350.9, l_discount: 0.02}
{l_extendedprice: 1972.16, l_discount: 0.08}
{l_extendedprice: 61211.4, l_discount: 0.1}
{l_extendedprice: 32550.7, l_discount: 0.02}
{l_extendedprice: 36663.2, l_discount: 0.09}
{l_extendedprice: 4898.19, l_discount: 0.08}
{l_extendedprice: 31483.2, l_discount: 0.06}
{l_extendedprice: 63019.1, l_discount: 0.08}
{l_extendedprice: 30001.2, l_discount: 0.09}
{l_extendedprice: 14380.6, l_discount: 0.04}
{l_extendedprice: 1211.31, l_discount: 0.01}
{l_extendedprice: 51077.8, l_discount: 0.01}
{l_extendedprice: 64270.6, l_discount: 0}
{l_extendedprice: 41049.8, l_discount: 0.08}
{l_extendedprice: 48380.5, l_discount: 0.06}
{l_extendedprice: 1329.42, l_discount: 0.06}
{l_extendedprice: 42651.1, l_discount: 0.04}
{l_extendedprice: 73601.9, l_discount: 0.04}
{l_extendedprice: 55017.9, l_discount: 0.07}
{l_extendedprice: 35825.9, l_discount: 0.05}
{l_extendedprice: 7297.86, l_discount: 0.05}
{l_extendedprice: 37406.5, l_discount: 0.02}
{l_extendedprice: 35325.4, l_discount: 0.07}
{l_extendedprice: 32832.4, l_discount: 0.02}
{l_extendedprice: 59247.7, l_discount: 0.03}
{l_extendedprice: 42088.2, l_discount: 0.03}
{l_extendedprice: 38220.5, l_discount: 0.03}
{l_extendedprice: 24360.5, l_discount: 0.04}
{l_extendedprice: 61300.8, l_discount: 0.08}
{l_extendedprice: 12333, l_discount: 0.07}
{l_extendedprice: 53402.8, l_discount: 0.02}
{l_extendedprice: 3157.34, l_discount: 0.01}
{l_extendedprice: 26905.6, l_discount: 0.07}
{l_extendedprice: 59781.3, l_discount: 0.03}
{l_extendedprice: 46143.8, l_discount: 0.09}
{l_extendedprice: 34214.3, l_discount: 0.05}
{l_extendedprice: 69744.3, l_discount: 0.05}
{l_extendedprice: 41117.1, l_discount: 0.02}
{l_extendedprice: 35968.1, l_discount: 0.05}
{l_extendedprice: 60264.5, l_discount: 0.07}
{l_extendedprice: 26187.7, l_discount: 0.1}
{l_extendedprice: 45835.5, l_discount: 0.01}
{l_extendedprice: 38326.2, l_discount: 0.01}
{l_extendedprice: 25354.2, l_discount: 0.01}
{l_extendedprice: 14208, l_discount: 0.01}
{l_extendedprice: 5686.08, l_discount: 0.07}
{l_extendedprice: 10538.5, l_discount: 0.02}
{l_extendedprice: 4627.92, l_discount: 0.05}
{l_extendedprice: 61316, l_discount: 0.09}
{l_extendedprice: 1567.66, l_discount: 0.06}
{l_extendedprice: 74167.3, l_discount: 0.07}
{l_extendedprice: 37737, l_discount: 0}
{l_extendedprice: 27947.7, l_discount: 0.02}
{l_extendedprice: 43433.5, l_discount: 0.02}
{l_extendedprice: 15748.9, l_discount: 0.07}
{l_extendedprice: 35462.9, l_discount: 0.1}
{l_extendedprice: 1821.92, l_discount: 0}
{l_extendedprice: 9432.08, l_discount: 0.01}
{l_extendedprice: 15304.5, l_discount: 0.01}
{l_extendedprice: 21749.4, l_discount: 0.09}
{l_extendedprice: 69713.6, l_discount: 0.04}
{l_extendedprice: 50004.4, l_discount: 0.01}
{l_extendedprice: 5483.76, l_discount: 0.04}
{l_extendedprice: 77319.1, l_discount: 0.05}
{l_extendedprice: 27129, l_discount: 0.03}
{l_extendedprice: 40671.4, l_discount: 0.06}
{l_extendedprice: 52887.2, l_discount: 0.03}
{l_extendedprice: 16914.4, l_discount: 0.09}
{l_extendedprice: 50562, l_discount: 0.05}
{l_extendedprice: 58782.4, l_discount: 0.02}
{l_extendedprice: 7733.2, l_discount: 0.02}
{l_extendedprice: 25254.6, l_discount: 0.1}
{l_extendedprice: 14851.4, l_discount: 0.07}
{l_extendedprice: 36085.9, l_discount: 0.05}
{l_extendedprice: 1580.67, l_discount: 0.03}
{l_extendedprice: 6650.35, l_discount: 0.09}
{l_extendedprice: 39075.8, l_discount: 0.05}
{l_extendedprice: 38681.4, l_discount: 0.01}
{l_extendedprice: 9240.2, l_discount: 0.05}
{l_extendedprice: 23900, l_discount: 0.01}
{l_extendedprice: 14815.6, l_discount: 0.06}
{l_extendedprice: 55331.2, l_discount: 0.1}
{l_extendedprice: 11833, l_discount: 0.08}
{l_extendedprice: 43567.2, l_discount: 0}
{l_extendedprice: 36662.9, l_discount: 0.03}
{l_extendedprice: 2967.16, l_discount: 0.02}
{l_extendedprice: 21307, l_discount: 0.02}
{l_extendedprice: 34105.9, l_discount: 0.06}
{l_extendedprice: 64522.1, l_discount: 0}
{l_extendedprice: 39114.2, l_discount: 0.02}
{l_extendedprice: 34966.5, l_discount: 0.02}
{l_extendedprice: 60141.2, l_discount: 0.1}
{l_extendedprice: 38582.6, l_discount: 0.1}
{l_extendedprice: 82022.4, l_discount: 0.05}
{l_extendedprice: 4000.4, l_discount: 0.07}
{l_extendedprice: 13368.4, l_discount: 0.05}
{l_extendedprice: 29554.2, l_discount: 0.05}
{l_extendedprice: 42519.8, l_discount: 0.06}
{l_extendedprice: 32457.1, l_discount: 0.08}
{l_extendedprice: 46796.8, l_discount: 0}
{l_extendedprice: 9011.66, l_discount: 0.09}
{l_extendedprice: 4799.07, l_discount: 0.08}
{l_extendedprice: 17548.5, l_discount: 0.09}
{l_extendedprice: 53958.8, l_discount: 0.08}
{l_extendedprice: 48163.2, l_discount: 0.09}
{l_extendedprice: 54400.3, l_discount: 0.08}
{l_extendedprice: 9444.9, l_discount: 0.1}
{l_extendedprice: 27004.2, l_discount: 0.05}
{l_extendedprice: 37902.9, l_discount: 0.07}
{l_extendedprice: 67710.8, l_discount: 0.09}
{l_extendedprice: 31823.5, l_discount: 0.1}
{l_extendedprice: 38543, l_discount: 0.02}
{l_extendedprice: 46781.3, l_discount: 0.07}
{l_extendedprice: 37160.3, l_discount: 0.04}
{l_extendedprice: 13040.3, l_discount: 0.05}
{l_extendedprice: 50868.4, l_discount: 0.06}
{l_extendedprice: 36188.5, l_discount: 0.04}
{l_extendedprice: 6802.25, l_discount: 0.06}
{l_extendedprice: 45209.2, l_discount: 0.03}
{l_extendedprice: 53396.7, l_discount: 0.06}
{l_extendedprice: 12172, l_discount: 0.01}
{l_extendedprice: 60040.6, l_discount: 0.01}
{l_extendedprice: 17250.7, l_discount: 0.05}
{l_extendedprice: 43771.9, l_discount: 0.02}
{l_extendedprice: 6912.4, l_discount: 0.1}
{l_extendedprice: 10884, l_discount: 0.09}
{l_extendedprice: 58569.2, l_discount: 0.04}
{l_extendedprice: 1780.88, l_discount: 0.05}
{l_extendedprice: 74411.9, l_discount: 0.02}
{l_extendedprice: 48566.5, l_discount: 0.1}
{l_extendedprice: 83071.1, l_discount: 0.02}
{l_extendedprice: 9320.01, l_discount: 0.06}
{l_extendedprice: 78157.4, l_discount: 0.03}
{l_extendedprice: 32178.7, l_discount: 0}
{l_extendedprice: 45575.8, l_discount: 0.01}
{l_extendedprice: 22921.2, l_discount: 0}
{l_extendedprice: 7704.48, l_discount: 0.06}
{l_extendedprice: 14755.8, l_discount: 0.05}
{l_extendedprice: 8613.45, l_discount: 0.09}
{l_extendedprice: 27422.7, l_discount: 0.08}
{l_extendedprice: 2811, l_discount: 0.01}
{l_extendedprice: 7261.8, l_discount: 0.03}
{l_extendedprice: 33348.5, l_discount: 0.03}
{l_extendedprice: 72557.3, l_discount: 0.02}
{l_extendedprice: 45856.4, l_discount: 0.03}
{l_extendedprice: 15273.3, l_discount: 0.09}
{l_extendedprice: 31732.3, l_discount: 0.02}
{l_extendedprice: 44793.3, l_discount: 0.03}
{l_extendedprice: 47287.9, l_discount: 0.07}
{l_extendedprice: 57897.6, l_discount: 0.03}
{l_extendedprice: 35360, l_discount: 0.03}
{l_extendedprice: 29383.7, l_discount: 0.02}
{l_extendedprice: 7382.85, l_discount: 0.09}
{l_extendedprice: 44328.4, l_discount: 0.01}
{l_extendedprice: 62588.7, l_discount: 0.01}
{l_extendedprice: 46216, l_discount: 0}
{l_extendedprice: 10730.6, l_discount: 0.1}
{l_extendedprice: 22380.1, l_discount: 0.09}
{l_extendedprice: 1023.12, l_discount: 0.06}
{l_extendedprice: 25542.5, l_discount: 0.05}
{l_extendedprice: 63208.1, l_discount: 0.02}
{l_extendedprice: 24636.9, l_discount: 0.02}
{l_extendedprice: 54283.8, l_discount: 0.1}
{l_extendedprice: 36550.2, l_discount: 0.01}
{l_extendedprice: 64516, l_discount: 0.06}
{l_extendedprice: 3353.54, l_discount: 0.01}
{l_extendedprice: 79716, l_discount: 0.01}
{l_extendedprice: 65522.2, l_discount: 0.08}
{l_extendedprice: 61300.8, l_discount: 0.08}
{l_extendedprice: 41234.1, l_discount: 0.09}
{l_extendedprice: 44333.5, l_discount: 0.09}
{l_extendedprice: 22500.8, l_discount: 0.1}
{l_extendedprice: 10907.7, l_discount: 0.01}
{l_extendedprice: 34855.5, l_discount: 0.06}
{l_extendedprice: 52860.8, l_discount: 0.06}
{l_extendedprice: 57720.8, l_discount: 0.02}
{l_extendedprice: 19281.2, l_discount: 0}
{l_extendedprice: 54892.5, l_discount: 0.1}
{l_extendedprice: 49432.2, l_discount: 0.05}
{l_extendedprice: 69598.8, l_discount: 0.1}
{l_extendedprice: 74150.5, l_discount: 0.08}
{l_extendedprice: 39233.5, l_discount: 0.09}
{l_extendedprice: 84641.8, l_discount: 0.06}
{l_extendedprice: 10982.9, l_discount: 0.06}
{l_extendedprice: 6302.68, l_discount: 0.02}
{l_extendedprice: 76586.4, l_discount: 0.05}
{l_extendedprice: 3477.66, l_discount: 0.04}
{l_extendedprice: 5934.48, l_discount: 0.03}
{l_extendedprice: 62716.2, l_discount: 0.05}
{l_extendedprice: 3952.23, l_discount: 0.08}
{l_extendedprice: 12285.5, l_discount: 0.08}
{l_extendedprice: 40933.8, l_discount: 0.09}
{l_extendedprice: 27855.2, l_discount: 0.01}
{l_extendedprice: 16820.6, l_discount: 0.1}
{l_extendedprice: 65042.2, l_discount: 0.05}
{l_extendedprice: 55691.3, l_discount: 0}
{l_extendedprice: 61003.4, l_discount: 0.08}
{l_extendedprice: 52781.2, l_discount: 0.09}
{l_extendedprice: 36462.2, l_discount: 0.02}
{l_extendedprice: 41225.8, l_discount: 0.09}
{l_extendedprice: 4920.4, l_discount: 0.06}
{l_extendedprice: 25659.8, l_discount: 0.01}
{l_extendedprice: 4945.4, l_discount: 0.03}
{l_extendedprice: 17239.9, l_discount: 0.03}
{l_extendedprice: 78532.3, l_discount: 0.03}
{l_extendedprice: 27229.5, l_discount: 0.08}
{l_extendedprice: 12143.1, l_discount: 0.02}
{l_extendedprice: 31593.8, l_discount: 0.07}
{l_extendedprice: 42180.4, l_discount: 0.01}
{l_extendedprice: 37528.6, l_discount: 0}
{l_extendedprice: 79611.3, l_discount: 0.03}
{l_extendedprice: 6466.84, l_discount: 0.05}
{l_extendedprice: 42374.6, l_discount: 0.1}
{l_extendedprice: 2901.08, l_discount: 0}
{l_extendedprice: 76257.9, l_discount: 0.04}
{l_extendedprice: 2014.2, l_discount: 0.02}
{l_extendedprice: 25813.3, l_discount: 0}
{l_extendedprice: 6891.28, l_discount: 0.09}
{l_extendedprice: 49299.8, l_discount: 0.03}
