OK!


{c_address:  8w2pIiA4wWAhtjAdXR}
{c_address:  UQ5mF3sdoZT2}
{c_address: ,4Jm5N0ruhJCB7cBR6Kw}
{c_address: ,TI7FdTc gCXUMi09qD}
{c_address: 1Uavkms1A5z}
{c_address: 1j C80VWHe ITCVCV}
{c_address: 2ZgAkaBgb6aigORfIfUd3kHbPi42}
{c_address: 3txGO AiuFux3zT0Z9NYaFRnZt}
{c_address: 7U7u2KryFP}
{c_address: 8Cw4p1m1gKYVUgomkAq,es1ZtrnmHaO}
{c_address: 9SzDYlkzxByyJ1QeTI o}
{c_address: CkGH34iK 9vAHXeY7 wAQIzJa1cmA8DAEA7m}
{c_address: EJwOQMTQnFwvd8r Y7f9i5POy6ZlNkIYxCL hg8t}
{c_address: F7 m0JwiCABmbJLPQpCJ2}
{c_address: FoGcDu9llpFiB LELF3rdjaiw RQe1S}
{c_address: G0, q8c6vBykpiLvcuSJLYvqE}
{c_address: HGCJI27,RIIQcS20,DcJbMQuUmN3Vhzdm}
{c_address: J2UwoJEQzAOTtuBrxGVag9iWSUPTp}
{c_address: O,HceV3 XE77Yx}
{c_address: RNfSXbUJkgUlBBPn}
{c_address: XFnr9C2bANXL}
{c_address: a wMc0lQutcHs6cRomoMCGjvM0MwEk4uyrxKI3}
{c_address: cH6XucXV0V}
{c_address: eaTXWWm10L9}
{c_address: gavpg6eW5lEML}
{c_address: ge1GEYt4ewGUiSeqBA4rNB5JhyQ92uKF}
{c_address: kDzx11sIjjWJm1}
{c_address: m h2wQbujQnQOrcf109reW0 o}
{c_address: nUT6kGEr7tmgpJaPgfFtXY}
{c_address: nW1X1Hl9uWycuBEu3F3}
{c_address: oQqeEC,OD9XC1JXyOsHqcpv0fPUdP9ek5KKb70tQ}
{c_address: pLrF7F1,uoyGaU}
{c_address: rqYSBCMywMKnfcp2DwotVqI}
{c_address: sssuscPJ,ZYQ8viO}
{c_address: t3qDCo,Yh MZcJFV6PibeY,MUunz}
{c_address: x5gJ8IGm2Fo9Jigt}
